{"/home/travis/build/npmtest/node-npmtest-redux-form/test.js":{"path":"/home/travis/build/npmtest/node-npmtest-redux-form/test.js","s":{"1":2,"2":2,"3":2,"4":2,"5":2,"6":2,"7":2,"8":1,"9":2,"10":2,"11":1,"12":1,"13":1,"14":1,"15":2,"16":2,"17":2,"18":2,"19":1,"20":1,"21":2,"22":2,"23":2,"24":1,"25":1,"26":1,"27":1,"28":1,"29":1,"30":1,"31":1,"32":1,"33":1,"34":1,"35":1,"36":1,"37":1,"38":1,"39":2,"40":2,"41":1,"42":2,"43":2,"44":1,"45":2,"46":2,"47":1,"48":2,"49":2,"50":1,"51":1,"52":1,"53":1,"54":1},"b":{"1":[2,1,1,1],"2":[1,1,1,1],"3":[1,1],"4":[1,1],"5":[1,1],"6":[1,1],"7":[1,1],"8":[1,1],"9":[1,1],"10":[1,1,1],"11":[1,1],"12":[1,1],"13":[1,1],"14":[1,1],"15":[1,1],"16":[1,1],"17":[1,1]},"f":{"1":2,"2":2,"3":2,"4":2,"5":2,"6":1,"7":1,"8":1,"9":2,"10":2,"11":2,"12":2,"13":1},"fnMap":{"1":{"name":"(anonymous_1)","line":12,"loc":{"start":{"line":12,"column":1},"end":{"line":12,"column":13}}},"2":{"name":"(anonymous_2)","line":19,"loc":{"start":{"line":19,"column":5},"end":{"line":19,"column":17}}},"3":{"name":"(anonymous_3)","line":23,"loc":{"start":{"line":23,"column":24},"end":{"line":23,"column":36}}},"4":{"name":"(anonymous_4)","line":61,"loc":{"start":{"line":61,"column":5},"end":{"line":61,"column":17}}},"5":{"name":"(anonymous_5)","line":82,"loc":{"start":{"line":82,"column":5},"end":{"line":82,"column":17}}},"6":{"name":"(anonymous_6)","line":91,"loc":{"start":{"line":91,"column":77},"end":{"line":94,"column":10}}},"7":{"name":"(anonymous_7)","line":112,"loc":{"start":{"line":112,"column":83},"end":{"line":115,"column":10}},"skip":true},"8":{"name":"(anonymous_8)","line":123,"loc":{"start":{"line":123,"column":77},"end":{"line":126,"column":10}},"skip":true},"9":{"name":"(anonymous_9)","line":139,"loc":{"start":{"line":139,"column":12},"end":{"line":139,"column":40}},"skip":true},"10":{"name":"(anonymous_10)","line":147,"loc":{"start":{"line":147,"column":77},"end":{"line":150,"column":10}},"skip":true},"11":{"name":"(anonymous_11)","line":158,"loc":{"start":{"line":158,"column":83},"end":{"line":161,"column":10}},"skip":true},"12":{"name":"(anonymous_12)","line":169,"loc":{"start":{"line":169,"column":79},"end":{"line":172,"column":10}},"skip":true},"13":{"name":"(anonymous_13)","line":180,"loc":{"start":{"line":180,"column":75},"end":{"line":183,"column":10}},"skip":true}},"statementMap":{"1":{"start":{"line":12,"column":0},"end":{"line":195,"column":5}},"2":{"start":{"line":14,"column":4},"end":{"line":14,"column":14}},"3":{"start":{"line":19,"column":4},"end":{"line":56,"column":9}},"4":{"start":{"line":21,"column":8},"end":{"line":21,"column":19}},"5":{"start":{"line":23,"column":8},"end":{"line":35,"column":13}},"6":{"start":{"line":24,"column":12},"end":{"line":34,"column":13}},"7":{"start":{"line":25,"column":16},"end":{"line":28,"column":30}},"8":{"start":{"line":30,"column":16},"end":{"line":33,"column":27}},"9":{"start":{"line":37,"column":8},"end":{"line":39,"column":21}},"10":{"start":{"line":40,"column":8},"end":{"line":53,"column":9}},"11":{"start":{"line":43,"column":12},"end":{"line":46,"column":14}},"12":{"start":{"line":47,"column":12},"end":{"line":47,"column":18}},"13":{"start":{"line":50,"column":12},"end":{"line":51,"column":46}},"14":{"start":{"line":52,"column":12},"end":{"line":52,"column":18}},"15":{"start":{"line":55,"column":8},"end":{"line":55,"column":35}},"16":{"start":{"line":61,"column":4},"end":{"line":63,"column":9}},"17":{"start":{"line":62,"column":8},"end":{"line":62,"column":15}},"18":{"start":{"line":64,"column":4},"end":{"line":77,"column":5}},"19":{"start":{"line":70,"column":8},"end":{"line":70,"column":14}},"20":{"start":{"line":76,"column":8},"end":{"line":76,"column":14}},"21":{"start":{"line":82,"column":4},"end":{"line":84,"column":9}},"22":{"start":{"line":83,"column":8},"end":{"line":83,"column":15}},"23":{"start":{"line":85,"column":4},"end":{"line":194,"column":5}},"24":{"start":{"line":91,"column":8},"end":{"line":99,"column":10}},"25":{"start":{"line":98,"column":12},"end":{"line":98,"column":35}},"26":{"start":{"line":102,"column":8},"end":{"line":104,"column":63}},"27":{"start":{"line":105,"column":8},"end":{"line":105,"column":14}},"28":{"start":{"line":112,"column":8},"end":{"line":121,"column":10},"skip":true},"29":{"start":{"line":119,"column":12},"end":{"line":119,"column":55},"skip":true},"30":{"start":{"line":120,"column":12},"end":{"line":120,"column":48},"skip":true},"31":{"start":{"line":123,"column":8},"end":{"line":136,"column":10},"skip":true},"32":{"start":{"line":130,"column":12},"end":{"line":130,"column":76},"skip":true},"33":{"start":{"line":131,"column":12},"end":{"line":131,"column":73},"skip":true},"34":{"start":{"line":132,"column":12},"end":{"line":132,"column":74},"skip":true},"35":{"start":{"line":133,"column":12},"end":{"line":133,"column":79},"skip":true},"36":{"start":{"line":134,"column":12},"end":{"line":134,"column":25},"skip":true},"37":{"start":{"line":135,"column":12},"end":{"line":135,"column":45},"skip":true},"38":{"start":{"line":138,"column":8},"end":{"line":145,"column":14},"skip":true},"39":{"start":{"line":143,"column":16},"end":{"line":143,"column":29},"skip":true},"40":{"start":{"line":144,"column":16},"end":{"line":144,"column":55},"skip":true},"41":{"start":{"line":147,"column":8},"end":{"line":156,"column":10},"skip":true},"42":{"start":{"line":154,"column":12},"end":{"line":154,"column":25},"skip":true},"43":{"start":{"line":155,"column":12},"end":{"line":155,"column":45},"skip":true},"44":{"start":{"line":158,"column":8},"end":{"line":167,"column":10},"skip":true},"45":{"start":{"line":165,"column":12},"end":{"line":165,"column":25},"skip":true},"46":{"start":{"line":166,"column":12},"end":{"line":166,"column":48},"skip":true},"47":{"start":{"line":169,"column":8},"end":{"line":178,"column":10},"skip":true},"48":{"start":{"line":176,"column":12},"end":{"line":176,"column":25},"skip":true},"49":{"start":{"line":177,"column":12},"end":{"line":177,"column":46},"skip":true},"50":{"start":{"line":180,"column":8},"end":{"line":189,"column":10},"skip":true},"51":{"start":{"line":187,"column":12},"end":{"line":187,"column":94},"skip":true},"52":{"start":{"line":188,"column":12},"end":{"line":188,"column":48},"skip":true},"53":{"start":{"line":192,"column":8},"end":{"line":192,"column":35},"skip":true},"54":{"start":{"line":193,"column":8},"end":{"line":193,"column":14},"skip":true}},"branchMap":{"1":{"line":25,"type":"binary-expr","locations":[{"start":{"line":25,"column":23},"end":{"line":25,"column":62}},{"start":{"line":26,"column":20},"end":{"line":26,"column":70}},{"start":{"line":27,"column":20},"end":{"line":27,"column":71}},{"start":{"line":28,"column":20},"end":{"line":28,"column":29}}]},"2":{"line":30,"type":"binary-expr","locations":[{"start":{"line":30,"column":23},"end":{"line":30,"column":37}},{"start":{"line":31,"column":20},"end":{"line":31,"column":61}},{"start":{"line":32,"column":20},"end":{"line":32,"column":70}},{"start":{"line":33,"column":20},"end":{"line":33,"column":26}}]},"3":{"line":37,"type":"cond-expr","locations":[{"start":{"line":38,"column":14},"end":{"line":38,"column":20}},{"start":{"line":39,"column":14},"end":{"line":39,"column":20}}]},"4":{"line":40,"type":"switch","locations":[{"start":{"line":42,"column":8},"end":{"line":47,"column":18}},{"start":{"line":49,"column":8},"end":{"line":52,"column":18}}]},"5":{"line":44,"type":"binary-expr","locations":[{"start":{"line":44,"column":16},"end":{"line":44,"column":44}},{"start":{"line":44,"column":48},"end":{"line":44,"column":66}}]},"6":{"line":50,"type":"binary-expr","locations":[{"start":{"line":50,"column":21},"end":{"line":50,"column":49}},{"start":{"line":50,"column":53},"end":{"line":50,"column":72}}]},"7":{"line":64,"type":"switch","locations":[{"start":{"line":69,"column":4},"end":{"line":70,"column":14}},{"start":{"line":75,"column":4},"end":{"line":76,"column":14}}]},"8":{"line":85,"type":"switch","locations":[{"start":{"line":90,"column":4},"end":{"line":105,"column":14}},{"start":{"line":111,"column":4},"end":{"line":193,"column":14},"skip":true}]},"9":{"line":91,"type":"binary-expr","locations":[{"start":{"line":91,"column":42},"end":{"line":91,"column":73}},{"start":{"line":91,"column":77},"end":{"line":99,"column":9}}]},"10":{"line":102,"type":"binary-expr","locations":[{"start":{"line":102,"column":18},"end":{"line":102,"column":32}},{"start":{"line":103,"column":12},"end":{"line":103,"column":53}},{"start":{"line":104,"column":12},"end":{"line":104,"column":61}}]},"11":{"line":112,"type":"binary-expr","locations":[{"start":{"line":112,"column":45},"end":{"line":112,"column":79},"skip":true},{"start":{"line":112,"column":83},"end":{"line":121,"column":9},"skip":true}]},"12":{"line":123,"type":"binary-expr","locations":[{"start":{"line":123,"column":42},"end":{"line":123,"column":73},"skip":true},{"start":{"line":123,"column":77},"end":{"line":136,"column":9},"skip":true}]},"13":{"line":138,"type":"binary-expr","locations":[{"start":{"line":138,"column":48},"end":{"line":138,"column":85},"skip":true},{"start":{"line":139,"column":12},"end":{"line":145,"column":13},"skip":true}]},"14":{"line":147,"type":"binary-expr","locations":[{"start":{"line":147,"column":42},"end":{"line":147,"column":73},"skip":true},{"start":{"line":147,"column":77},"end":{"line":156,"column":9},"skip":true}]},"15":{"line":158,"type":"binary-expr","locations":[{"start":{"line":158,"column":45},"end":{"line":158,"column":79},"skip":true},{"start":{"line":158,"column":83},"end":{"line":167,"column":9},"skip":true}]},"16":{"line":169,"type":"binary-expr","locations":[{"start":{"line":169,"column":43},"end":{"line":169,"column":75},"skip":true},{"start":{"line":169,"column":79},"end":{"line":178,"column":9},"skip":true}]},"17":{"line":180,"type":"binary-expr","locations":[{"start":{"line":180,"column":41},"end":{"line":180,"column":71},"skip":true},{"start":{"line":180,"column":75},"end":{"line":189,"column":9},"skip":true}]}},"code":["/* istanbul instrument in package npmtest_redux_form */","/*jslint","    bitwise: true,","    browser: true,","    maxerr: 8,","    maxlen: 96,","    node: true,","    nomen: true,","    regexp: true,","    stupid: true","*/","(function () {","    'use strict';","    var local;","","","","    // run shared js-env code - pre-init","    (function () {","        // init local","        local = {};","        // init modeJs","        local.modeJs = (function () {","            try {","                return typeof navigator.userAgent === 'string' &&","                    typeof document.querySelector('body') === 'object' &&","                    typeof XMLHttpRequest.prototype.open === 'function' &&","                    'browser';","            } catch (errorCaughtBrowser) {","                return module.exports &&","                    typeof process.versions.node === 'string' &&","                    typeof require('http').createServer === 'function' &&","                    'node';","            }","        }());","        // init global","        local.global = local.modeJs === 'browser'","            ? window","            : global;","        switch (local.modeJs) {","        // re-init local from window.local","        case 'browser':","            local = local.global.utility2.objectSetDefault(","                local.global.utility2_rollup || local.global.local,","                local.global.utility2","            );","            break;","        // re-init local from example.js","        case 'node':","            local = (local.global.utility2_rollup || require('utility2'))","                .requireExampleJsFromReadme();","            break;","        }","        // export local","        local.global.local = local;","    }());","","","","    // run shared js-env code - function","    (function () {","        return;","    }());","    switch (local.modeJs) {","","","","    // run browser js-env code - function","    case 'browser':","        break;","","","","    // run node js-env code - function","    case 'node':","        break;","    }","","","","    // run shared js-env code - post-init","    (function () {","        return;","    }());","    switch (local.modeJs) {","","","","    // run browser js-env code - post-init","    case 'browser':","        local.testCase_browser_nullCase = local.testCase_browser_nullCase || function (","            options,","            onError","        ) {","        /*","         * this function will test browsers's null-case handling-behavior-behavior","         */","            onError(null, options);","        };","","        // run tests","        local.nop(local.modeTest &&","            document.querySelector('#testRunButton1') &&","            document.querySelector('#testRunButton1').click());","        break;","","","","    // run node js-env code - post-init","    /* istanbul ignore next */","    case 'node':","        local.testCase_buildApidoc_default = local.testCase_buildApidoc_default || function (","            options,","            onError","        ) {","        /*","         * this function will test buildApidoc's default handling-behavior-behavior","         */","            options = { modulePathList: module.paths };","            local.buildApidoc(options, onError);","        };","","        local.testCase_buildApp_default = local.testCase_buildApp_default || function (","            options,","            onError","        ) {","        /*","         * this function will test buildApp's default handling-behavior-behavior","         */","            local.testCase_buildReadme_default(options, local.onErrorThrow);","            local.testCase_buildLib_default(options, local.onErrorThrow);","            local.testCase_buildTest_default(options, local.onErrorThrow);","            local.testCase_buildCustomOrg_default(options, local.onErrorThrow);","            options = [];","            local.buildApp(options, onError);","        };","","        local.testCase_buildCustomOrg_default = local.testCase_buildCustomOrg_default ||","            function (options, onError) {","            /*","             * this function will test buildCustomOrg's default handling-behavior","             */","                options = {};","                local.buildCustomOrg(options, onError);","            };","","        local.testCase_buildLib_default = local.testCase_buildLib_default || function (","            options,","            onError","        ) {","        /*","         * this function will test buildLib's default handling-behavior","         */","            options = {};","            local.buildLib(options, onError);","        };","","        local.testCase_buildReadme_default = local.testCase_buildReadme_default || function (","            options,","            onError","        ) {","        /*","         * this function will test buildReadme's default handling-behavior-behavior","         */","            options = {};","            local.buildReadme(options, onError);","        };","","        local.testCase_buildTest_default = local.testCase_buildTest_default || function (","            options,","            onError","        ) {","        /*","         * this function will test buildTest's default handling-behavior","         */","            options = {};","            local.buildTest(options, onError);","        };","","        local.testCase_webpage_default = local.testCase_webpage_default || function (","            options,","            onError","        ) {","        /*","         * this function will test webpage's default handling-behavior","         */","            options = { modeCoverageMerge: true, url: local.serverLocalHost + '?modeTest=1' };","            local.browserTest(options, onError);","        };","","        // run test-server","        local.testRunServer(local);","        break;","    }","}());",""],"l":{"12":2,"14":2,"19":2,"21":2,"23":2,"24":2,"25":2,"30":1,"37":2,"40":2,"43":1,"47":1,"50":1,"52":1,"55":2,"61":2,"62":2,"64":2,"70":1,"76":1,"82":2,"83":2,"85":2,"91":1,"98":1,"102":1,"105":1,"112":1,"119":1,"120":1,"123":1,"130":1,"131":1,"132":1,"133":1,"134":1,"135":1,"138":1,"143":2,"144":2,"147":1,"154":2,"155":2,"158":1,"165":2,"166":2,"169":1,"176":2,"177":2,"180":1,"187":1,"188":1,"192":1,"193":1}},"/home/travis/build/npmtest/node-npmtest-redux-form/lib.npmtest_redux_form.js":{"path":"/home/travis/build/npmtest/node-npmtest-redux-form/lib.npmtest_redux_form.js","s":{"1":2,"2":2,"3":2,"4":2,"5":2,"6":2,"7":2,"8":1,"9":2,"10":2,"11":2,"12":2,"13":1,"14":1,"15":1,"16":1},"b":{"1":[2,1,1,1],"2":[1,1,1,1],"3":[1,1],"4":[2,2],"5":[1,1]},"f":{"1":2,"2":2,"3":2},"fnMap":{"1":{"name":"(anonymous_1)","line":12,"loc":{"start":{"line":12,"column":1},"end":{"line":12,"column":13}}},"2":{"name":"(anonymous_2)","line":19,"loc":{"start":{"line":19,"column":5},"end":{"line":19,"column":17}}},"3":{"name":"(anonymous_3)","line":23,"loc":{"start":{"line":23,"column":24},"end":{"line":23,"column":36}}}},"statementMap":{"1":{"start":{"line":12,"column":0},"end":{"line":53,"column":5}},"2":{"start":{"line":14,"column":4},"end":{"line":14,"column":14}},"3":{"start":{"line":19,"column":4},"end":{"line":52,"column":9}},"4":{"start":{"line":21,"column":8},"end":{"line":21,"column":19}},"5":{"start":{"line":23,"column":8},"end":{"line":35,"column":13}},"6":{"start":{"line":24,"column":12},"end":{"line":34,"column":13}},"7":{"start":{"line":25,"column":16},"end":{"line":28,"column":30}},"8":{"start":{"line":30,"column":16},"end":{"line":33,"column":27}},"9":{"start":{"line":37,"column":8},"end":{"line":39,"column":21}},"10":{"start":{"line":41,"column":8},"end":{"line":41,"column":54}},"11":{"start":{"line":43,"column":8},"end":{"line":43,"column":55}},"12":{"start":{"line":45,"column":8},"end":{"line":51,"column":9}},"13":{"start":{"line":46,"column":12},"end":{"line":46,"column":61}},"14":{"start":{"line":48,"column":12},"end":{"line":48,"column":35}},"15":{"start":{"line":49,"column":12},"end":{"line":49,"column":49}},"16":{"start":{"line":50,"column":12},"end":{"line":50,"column":43}}},"branchMap":{"1":{"line":25,"type":"binary-expr","locations":[{"start":{"line":25,"column":23},"end":{"line":25,"column":62}},{"start":{"line":26,"column":20},"end":{"line":26,"column":70}},{"start":{"line":27,"column":20},"end":{"line":27,"column":71}},{"start":{"line":28,"column":20},"end":{"line":28,"column":29}}]},"2":{"line":30,"type":"binary-expr","locations":[{"start":{"line":30,"column":23},"end":{"line":30,"column":37}},{"start":{"line":31,"column":20},"end":{"line":31,"column":61}},{"start":{"line":32,"column":20},"end":{"line":32,"column":70}},{"start":{"line":33,"column":20},"end":{"line":33,"column":26}}]},"3":{"line":37,"type":"cond-expr","locations":[{"start":{"line":38,"column":14},"end":{"line":38,"column":20}},{"start":{"line":39,"column":14},"end":{"line":39,"column":20}}]},"4":{"line":41,"type":"binary-expr","locations":[{"start":{"line":41,"column":16},"end":{"line":41,"column":44}},{"start":{"line":41,"column":48},"end":{"line":41,"column":53}}]},"5":{"line":45,"type":"if","locations":[{"start":{"line":45,"column":8},"end":{"line":45,"column":8}},{"start":{"line":45,"column":8},"end":{"line":45,"column":8}}]}},"code":["/* istanbul instrument in package npmtest_redux_form */","/*jslint","    bitwise: true,","    browser: true,","    maxerr: 8,","    maxlen: 96,","    node: true,","    nomen: true,","    regexp: true,","    stupid: true","*/","(function () {","    'use strict';","    var local;","","","","    // run shared js-env code - pre-init","    (function () {","        // init local","        local = {};","        // init modeJs","        local.modeJs = (function () {","            try {","                return typeof navigator.userAgent === 'string' &&","                    typeof document.querySelector('body') === 'object' &&","                    typeof XMLHttpRequest.prototype.open === 'function' &&","                    'browser';","            } catch (errorCaughtBrowser) {","                return module.exports &&","                    typeof process.versions.node === 'string' &&","                    typeof require('http').createServer === 'function' &&","                    'node';","            }","        }());","        // init global","        local.global = local.modeJs === 'browser'","            ? window","            : global;","        // init utility2_rollup","        local = local.global.utility2_rollup || local;","        // init lib","        local.local = local.npmtest_redux_form = local;","        // init exports","        if (local.modeJs === 'browser') {","            local.global.utility2_npmtest_redux_form = local;","        } else {","            module.exports = local;","            module.exports.__dirname = __dirname;","            module.exports.module = module;","        }","    }());","}());",""],"l":{"12":2,"14":2,"19":2,"21":2,"23":2,"24":2,"25":2,"30":1,"37":2,"41":2,"43":2,"45":2,"46":1,"48":1,"49":1,"50":1}},"/home/travis/build/npmtest/node-npmtest-redux-form/example.js":{"path":"/home/travis/build/npmtest/node-npmtest-redux-form/example.js","s":{"1":2,"2":2,"3":2,"4":2,"5":2,"6":2,"7":2,"8":1,"9":2,"10":2,"11":2,"12":2,"13":1,"14":2,"15":2,"16":2,"17":2,"18":2,"19":0,"20":2,"21":1,"22":1,"23":1,"24":1,"25":1,"26":0,"27":0,"28":1,"29":1,"30":2,"31":0,"32":0,"33":0,"34":1,"35":2,"36":2,"37":3,"38":3,"39":3,"40":3,"41":0,"42":3,"43":3,"44":3,"45":1,"46":3,"47":1,"48":1,"49":1,"50":1,"51":1,"52":1,"53":1,"54":1,"55":1,"56":1,"57":0,"58":1,"59":6,"60":6,"61":1,"62":2,"63":0,"64":2,"65":1,"66":1,"67":0,"68":0,"69":0,"70":0,"71":0,"72":0,"73":0,"74":0,"75":0,"76":0,"77":0,"78":0,"79":0,"80":0,"81":0,"82":0,"83":0},"b":{"1":[2,1,1,1],"2":[1,1,1,1],"3":[1,1],"4":[2,2],"5":[1,1],"6":[1,1],"7":[2,0],"8":[2,1,1,1,1,1],"9":[0,2,0],"10":[1,1],"11":[2,1,1],"12":[1,0],"13":[0,2],"14":[2,0,0,0,0,0,0],"15":[0,3],"16":[3,0],"17":[1,1],"18":[0,1],"19":[1,2,0,2],"20":[1,0],"21":[1,1],"22":[0,0],"23":[0,0],"24":[0,0],"25":[0,0],"26":[0,0],"27":[0,0],"28":[0,0]},"f":{"1":2,"2":2,"3":2,"4":2,"5":2,"6":2,"7":3,"8":3,"9":3,"10":1,"11":6,"12":0},"fnMap":{"1":{"name":"(anonymous_1)","line":26,"loc":{"start":{"line":26,"column":1},"end":{"line":26,"column":13}}},"2":{"name":"(anonymous_2)","line":33,"loc":{"start":{"line":33,"column":5},"end":{"line":33,"column":17}}},"3":{"name":"(anonymous_3)","line":37,"loc":{"start":{"line":37,"column":24},"end":{"line":37,"column":36}}},"4":{"name":"(anonymous_4)","line":69,"loc":{"start":{"line":69,"column":31},"end":{"line":69,"column":48}},"skip":true},"5":{"name":"(anonymous_5)","line":78,"loc":{"start":{"line":78,"column":26},"end":{"line":78,"column":45}},"skip":true},"6":{"name":"(anonymous_6)","line":123,"loc":{"start":{"line":123,"column":33},"end":{"line":123,"column":48}},"skip":true},"7":{"name":"(anonymous_7)","line":125,"loc":{"start":{"line":125,"column":27},"end":{"line":125,"column":39}},"skip":true},"8":{"name":"(anonymous_8)","line":133,"loc":{"start":{"line":133,"column":59},"end":{"line":133,"column":74}},"skip":true},"9":{"name":"(anonymous_9)","line":143,"loc":{"start":{"line":143,"column":45},"end":{"line":143,"column":62}},"skip":true},"10":{"name":"(anonymous_10)","line":144,"loc":{"start":{"line":144,"column":73},"end":{"line":144,"column":92}},"skip":true},"11":{"name":"(anonymous_11)","line":272,"loc":{"start":{"line":272,"column":51},"end":{"line":272,"column":77}},"skip":true},"12":{"name":"(anonymous_12)","line":315,"loc":{"start":{"line":315,"column":32},"end":{"line":315,"column":61}},"skip":true}},"statementMap":{"1":{"start":{"line":26,"column":0},"end":{"line":326,"column":5}},"2":{"start":{"line":28,"column":4},"end":{"line":28,"column":14}},"3":{"start":{"line":33,"column":4},"end":{"line":60,"column":9}},"4":{"start":{"line":35,"column":8},"end":{"line":35,"column":19}},"5":{"start":{"line":37,"column":8},"end":{"line":49,"column":13}},"6":{"start":{"line":38,"column":12},"end":{"line":48,"column":13}},"7":{"start":{"line":39,"column":16},"end":{"line":42,"column":30}},"8":{"start":{"line":44,"column":16},"end":{"line":47,"column":27}},"9":{"start":{"line":51,"column":8},"end":{"line":53,"column":21}},"10":{"start":{"line":55,"column":8},"end":{"line":57,"column":45}},"11":{"start":{"line":59,"column":8},"end":{"line":59,"column":35}},"12":{"start":{"line":61,"column":4},"end":{"line":325,"column":5}},"13":{"start":{"line":69,"column":8},"end":{"line":121,"column":10},"skip":true},"14":{"start":{"line":70,"column":12},"end":{"line":88,"column":13},"skip":true},"15":{"start":{"line":76,"column":16},"end":{"line":87,"column":19},"skip":true},"16":{"start":{"line":79,"column":20},"end":{"line":86,"column":21},"skip":true},"17":{"start":{"line":82,"column":24},"end":{"line":82,"column":43},"skip":true},"18":{"start":{"line":83,"column":24},"end":{"line":83,"column":30},"skip":true},"19":{"start":{"line":85,"column":24},"end":{"line":85,"column":49},"skip":true},"20":{"start":{"line":89,"column":12},"end":{"line":107,"column":13},"skip":true},"21":{"start":{"line":92,"column":16},"end":{"line":102,"column":17},"skip":true},"22":{"start":{"line":93,"column":20},"end":{"line":93,"column":86},"skip":true},"23":{"start":{"line":94,"column":20},"end":{"line":95,"column":45},"skip":true},"24":{"start":{"line":96,"column":20},"end":{"line":96,"column":42},"skip":true},"25":{"start":{"line":97,"column":20},"end":{"line":97,"column":48},"skip":true},"26":{"start":{"line":100,"column":20},"end":{"line":100,"column":85},"skip":true},"27":{"start":{"line":101,"column":20},"end":{"line":101,"column":96},"skip":true},"28":{"start":{"line":103,"column":16},"end":{"line":103,"column":22},"skip":true},"29":{"start":{"line":106,"column":16},"end":{"line":106,"column":22},"skip":true},"30":{"start":{"line":108,"column":12},"end":{"line":120,"column":13},"skip":true},"31":{"start":{"line":114,"column":16},"end":{"line":119,"column":17},"skip":true},"32":{"start":{"line":116,"column":20},"end":{"line":116,"column":78},"skip":true},"33":{"start":{"line":118,"column":20},"end":{"line":118,"column":47},"skip":true},"34":{"start":{"line":123,"column":8},"end":{"line":141,"column":11},"skip":true},"35":{"start":{"line":124,"column":12},"end":{"line":124,"column":54},"skip":true},"36":{"start":{"line":125,"column":12},"end":{"line":140,"column":14},"skip":true},"37":{"start":{"line":126,"column":16},"end":{"line":126,"column":28},"skip":true},"38":{"start":{"line":127,"column":16},"end":{"line":127,"column":69},"skip":true},"39":{"start":{"line":128,"column":16},"end":{"line":128,"column":75},"skip":true},"40":{"start":{"line":129,"column":16},"end":{"line":131,"column":17},"skip":true},"41":{"start":{"line":130,"column":20},"end":{"line":130,"column":27},"skip":true},"42":{"start":{"line":133,"column":16},"end":{"line":137,"column":36},"skip":true},"43":{"start":{"line":134,"column":20},"end":{"line":136,"column":55},"skip":true},"44":{"start":{"line":139,"column":16},"end":{"line":139,"column":57},"skip":true},"45":{"start":{"line":143,"column":8},"end":{"line":147,"column":11},"skip":true},"46":{"start":{"line":144,"column":12},"end":{"line":146,"column":15},"skip":true},"47":{"start":{"line":145,"column":16},"end":{"line":145,"column":70},"skip":true},"48":{"start":{"line":149,"column":8},"end":{"line":149,"column":31},"skip":true},"49":{"start":{"line":150,"column":8},"end":{"line":150,"column":14},"skip":true},"50":{"start":{"line":158,"column":8},"end":{"line":158,"column":31},"skip":true},"51":{"start":{"line":160,"column":8},"end":{"line":160,"column":33},"skip":true},"52":{"start":{"line":161,"column":8},"end":{"line":161,"column":37},"skip":true},"53":{"start":{"line":162,"column":8},"end":{"line":162,"column":35},"skip":true},"54":{"start":{"line":164,"column":8},"end":{"line":164,"column":50},"skip":true},"55":{"start":{"line":166,"column":8},"end":{"line":256,"column":2},"skip":true},"56":{"start":{"line":258,"column":8},"end":{"line":286,"column":9},"skip":true},"57":{"start":{"line":259,"column":12},"end":{"line":269,"column":14},"skip":true},"58":{"start":{"line":271,"column":12},"end":{"line":285,"column":19},"skip":true},"59":{"start":{"line":274,"column":20},"end":{"line":274,"column":35},"skip":true},"60":{"start":{"line":275,"column":20},"end":{"line":284,"column":21},"skip":true},"61":{"start":{"line":277,"column":24},"end":{"line":277,"column":64},"skip":true},"62":{"start":{"line":279,"column":24},"end":{"line":279,"column":40},"skip":true},"63":{"start":{"line":281,"column":24},"end":{"line":281,"column":40},"skip":true},"64":{"start":{"line":283,"column":24},"end":{"line":283,"column":39},"skip":true},"65":{"start":{"line":288,"column":8},"end":{"line":290,"column":9},"skip":true},"66":{"start":{"line":289,"column":12},"end":{"line":289,"column":18},"skip":true},"67":{"start":{"line":291,"column":8},"end":{"line":293,"column":54},"skip":true},"68":{"start":{"line":296,"column":8},"end":{"line":301,"column":37},"skip":true},"69":{"start":{"line":303,"column":8},"end":{"line":303,"column":82},"skip":true},"70":{"start":{"line":306,"column":8},"end":{"line":308,"column":9},"skip":true},"71":{"start":{"line":307,"column":12},"end":{"line":307,"column":82},"skip":true},"72":{"start":{"line":310,"column":8},"end":{"line":312,"column":9},"skip":true},"73":{"start":{"line":311,"column":12},"end":{"line":311,"column":18},"skip":true},"74":{"start":{"line":313,"column":8},"end":{"line":313,"column":54},"skip":true},"75":{"start":{"line":314,"column":8},"end":{"line":314,"column":69},"skip":true},"76":{"start":{"line":315,"column":8},"end":{"line":323,"column":36},"skip":true},"77":{"start":{"line":316,"column":12},"end":{"line":316,"column":61},"skip":true},"78":{"start":{"line":317,"column":12},"end":{"line":320,"column":13},"skip":true},"79":{"start":{"line":318,"column":16},"end":{"line":318,"column":75},"skip":true},"80":{"start":{"line":319,"column":16},"end":{"line":319,"column":23},"skip":true},"81":{"start":{"line":321,"column":12},"end":{"line":321,"column":38},"skip":true},"82":{"start":{"line":322,"column":12},"end":{"line":322,"column":27},"skip":true},"83":{"start":{"line":324,"column":8},"end":{"line":324,"column":14},"skip":true}},"branchMap":{"1":{"line":39,"type":"binary-expr","locations":[{"start":{"line":39,"column":23},"end":{"line":39,"column":62}},{"start":{"line":40,"column":20},"end":{"line":40,"column":70}},{"start":{"line":41,"column":20},"end":{"line":41,"column":71}},{"start":{"line":42,"column":20},"end":{"line":42,"column":29}}]},"2":{"line":44,"type":"binary-expr","locations":[{"start":{"line":44,"column":23},"end":{"line":44,"column":37}},{"start":{"line":45,"column":20},"end":{"line":45,"column":61}},{"start":{"line":46,"column":20},"end":{"line":46,"column":70}},{"start":{"line":47,"column":20},"end":{"line":47,"column":26}}]},"3":{"line":51,"type":"cond-expr","locations":[{"start":{"line":52,"column":14},"end":{"line":52,"column":20}},{"start":{"line":53,"column":14},"end":{"line":53,"column":20}}]},"4":{"line":55,"type":"binary-expr","locations":[{"start":{"line":55,"column":16},"end":{"line":55,"column":44}},{"start":{"line":55,"column":49},"end":{"line":57,"column":43}}]},"5":{"line":55,"type":"cond-expr","locations":[{"start":{"line":56,"column":14},"end":{"line":56,"column":54}},{"start":{"line":57,"column":14},"end":{"line":57,"column":43}}]},"6":{"line":61,"type":"switch","locations":[{"start":{"line":68,"column":4},"end":{"line":150,"column":14},"skip":true},{"start":{"line":156,"column":4},"end":{"line":324,"column":14},"skip":true}]},"7":{"line":70,"type":"if","locations":[{"start":{"line":70,"column":12},"end":{"line":70,"column":12},"skip":true},{"start":{"line":70,"column":12},"end":{"line":70,"column":12},"skip":true}]},"8":{"line":70,"type":"binary-expr","locations":[{"start":{"line":70,"column":16},"end":{"line":70,"column":22},"skip":true},{"start":{"line":70,"column":27},"end":{"line":70,"column":32},"skip":true},{"start":{"line":71,"column":20},"end":{"line":71,"column":39},"skip":true},{"start":{"line":72,"column":20},"end":{"line":72,"column":49},"skip":true},{"start":{"line":73,"column":20},"end":{"line":73,"column":58},"skip":true},{"start":{"line":74,"column":20},"end":{"line":74,"column":69},"skip":true}]},"9":{"line":79,"type":"switch","locations":[{"start":{"line":80,"column":20},"end":{"line":80,"column":33},"skip":true},{"start":{"line":81,"column":20},"end":{"line":83,"column":30},"skip":true},{"start":{"line":84,"column":20},"end":{"line":85,"column":49},"skip":true}]},"10":{"line":89,"type":"switch","locations":[{"start":{"line":90,"column":12},"end":{"line":103,"column":22},"skip":true},{"start":{"line":105,"column":12},"end":{"line":106,"column":22},"skip":true}]},"11":{"line":89,"type":"binary-expr","locations":[{"start":{"line":89,"column":20},"end":{"line":89,"column":25},"skip":true},{"start":{"line":89,"column":29},"end":{"line":89,"column":48},"skip":true},{"start":{"line":89,"column":52},"end":{"line":89,"column":74},"skip":true}]},"12":{"line":92,"type":"if","locations":[{"start":{"line":92,"column":16},"end":{"line":92,"column":16},"skip":true},{"start":{"line":92,"column":16},"end":{"line":92,"column":16},"skip":true}]},"13":{"line":108,"type":"if","locations":[{"start":{"line":108,"column":12},"end":{"line":108,"column":12},"skip":true},{"start":{"line":108,"column":12},"end":{"line":108,"column":12},"skip":true}]},"14":{"line":108,"type":"binary-expr","locations":[{"start":{"line":108,"column":16},"end":{"line":108,"column":61},"skip":true},{"start":{"line":108,"column":66},"end":{"line":108,"column":72},"skip":true},{"start":{"line":108,"column":77},"end":{"line":108,"column":82},"skip":true},{"start":{"line":109,"column":20},"end":{"line":109,"column":39},"skip":true},{"start":{"line":110,"column":20},"end":{"line":110,"column":49},"skip":true},{"start":{"line":111,"column":20},"end":{"line":111,"column":58},"skip":true},{"start":{"line":112,"column":20},"end":{"line":112,"column":68},"skip":true}]},"15":{"line":129,"type":"if","locations":[{"start":{"line":129,"column":16},"end":{"line":129,"column":16},"skip":true},{"start":{"line":129,"column":16},"end":{"line":129,"column":16},"skip":true}]},"16":{"line":134,"type":"cond-expr","locations":[{"start":{"line":135,"column":26},"end":{"line":135,"column":29},"skip":true},{"start":{"line":136,"column":26},"end":{"line":136,"column":54},"skip":true}]},"17":{"line":164,"type":"binary-expr","locations":[{"start":{"line":164,"column":27},"end":{"line":164,"column":43},"skip":true},{"start":{"line":164,"column":47},"end":{"line":164,"column":49},"skip":true}]},"18":{"line":258,"type":"if","locations":[{"start":{"line":258,"column":8},"end":{"line":258,"column":8},"skip":true},{"start":{"line":258,"column":8},"end":{"line":258,"column":8},"skip":true}]},"19":{"line":275,"type":"switch","locations":[{"start":{"line":276,"column":20},"end":{"line":277,"column":64},"skip":true},{"start":{"line":278,"column":20},"end":{"line":279,"column":40},"skip":true},{"start":{"line":280,"column":20},"end":{"line":281,"column":40},"skip":true},{"start":{"line":282,"column":20},"end":{"line":283,"column":39},"skip":true}]},"20":{"line":288,"type":"if","locations":[{"start":{"line":288,"column":8},"end":{"line":288,"column":8},"skip":true},{"start":{"line":288,"column":8},"end":{"line":288,"column":8},"skip":true}]},"21":{"line":288,"type":"binary-expr","locations":[{"start":{"line":288,"column":12},"end":{"line":288,"column":40},"skip":true},{"start":{"line":288,"column":44},"end":{"line":288,"column":67},"skip":true}]},"22":{"line":292,"type":"binary-expr","locations":[{"start":{"line":292,"column":12},"end":{"line":292,"column":50},"skip":true},{"start":{"line":293,"column":12},"end":{"line":293,"column":53},"skip":true}]},"23":{"line":297,"type":"binary-expr","locations":[{"start":{"line":297,"column":12},"end":{"line":297,"column":68},"skip":true},{"start":{"line":298,"column":12},"end":{"line":301,"column":36},"skip":true}]},"24":{"line":303,"type":"binary-expr","locations":[{"start":{"line":303,"column":43},"end":{"line":303,"column":75},"skip":true},{"start":{"line":303,"column":79},"end":{"line":303,"column":81},"skip":true}]},"25":{"line":306,"type":"if","locations":[{"start":{"line":306,"column":8},"end":{"line":306,"column":8},"skip":true},{"start":{"line":306,"column":8},"end":{"line":306,"column":8},"skip":true}]},"26":{"line":310,"type":"if","locations":[{"start":{"line":310,"column":8},"end":{"line":310,"column":8},"skip":true},{"start":{"line":310,"column":8},"end":{"line":310,"column":8},"skip":true}]},"27":{"line":313,"type":"binary-expr","locations":[{"start":{"line":313,"column":27},"end":{"line":313,"column":43},"skip":true},{"start":{"line":313,"column":47},"end":{"line":313,"column":53},"skip":true}]},"28":{"line":317,"type":"if","locations":[{"start":{"line":317,"column":12},"end":{"line":317,"column":12},"skip":true},{"start":{"line":317,"column":12},"end":{"line":317,"column":12},"skip":true}]}},"code":["/*","example.js","","quickstart example","","instruction","    1. save this script as example.js","    2. run the shell command:","        $ npm install npmtest-redux-form && PORT=8081 node example.js","    3. play with the browser-demo on http://127.0.0.1:8081","*/","","","","/* istanbul instrument in package npmtest_redux_form */","/*jslint","    bitwise: true,","    browser: true,","    maxerr: 8,","    maxlen: 96,","    node: true,","    nomen: true,","    regexp: true,","    stupid: true","*/","(function () {","    'use strict';","    var local;","","","","    // run shared js-env code - pre-init","    (function () {","        // init local","        local = {};","        // init modeJs","        local.modeJs = (function () {","            try {","                return typeof navigator.userAgent === 'string' &&","                    typeof document.querySelector('body') === 'object' &&","                    typeof XMLHttpRequest.prototype.open === 'function' &&","                    'browser';","            } catch (errorCaughtBrowser) {","                return module.exports &&","                    typeof process.versions.node === 'string' &&","                    typeof require('http').createServer === 'function' &&","                    'node';","            }","        }());","        // init global","        local.global = local.modeJs === 'browser'","            ? window","            : global;","        // init utility2_rollup","        local = local.global.utility2_rollup || (local.modeJs === 'browser'","            ? local.global.utility2_npmtest_redux_form","            : global.utility2_moduleExports);","        // export local","        local.global.local = local;","    }());","    switch (local.modeJs) {","","","","    // post-init","    // run browser js-env code - post-init","    /* istanbul ignore next */","    case 'browser':","        local.testRunBrowser = function (event) {","            if (!event || (event &&","                    event.currentTarget &&","                    event.currentTarget.className &&","                    event.currentTarget.className.includes &&","                    event.currentTarget.className.includes('onreset'))) {","                // reset output","                Array.from(","                    document.querySelectorAll('body > .resettable')","                ).forEach(function (element) {","                    switch (element.tagName) {","                    case 'INPUT':","                    case 'TEXTAREA':","                        element.value = '';","                        break;","                    default:","                        element.textContent = '';","                    }","                });","            }","            switch (event && event.currentTarget && event.currentTarget.id) {","            case 'testRunButton1':","                // show tests","                if (document.querySelector('#testReportDiv1').style.display === 'none') {","                    document.querySelector('#testReportDiv1').style.display = 'block';","                    document.querySelector('#testRunButton1').textContent =","                        'hide internal test';","                    local.modeTest = true;","                    local.testRunDefault(local);","                // hide tests","                } else {","                    document.querySelector('#testReportDiv1').style.display = 'none';","                    document.querySelector('#testRunButton1').textContent = 'run internal test';","                }","                break;","            // custom-case","            default:","                break;","            }","            if (document.querySelector('#inputTextareaEval1') && (!event || (event &&","                    event.currentTarget &&","                    event.currentTarget.className &&","                    event.currentTarget.className.includes &&","                    event.currentTarget.className.includes('oneval')))) {","                // try to eval input-code","                try {","                    /*jslint evil: true*/","                    eval(document.querySelector('#inputTextareaEval1').value);","                } catch (errorCaught) {","                    console.error(errorCaught);","                }","            }","        };","        // log stderr and stdout to #outputTextareaStdout1","        ['error', 'log'].forEach(function (key) {","            console[key + '_original'] = console[key];","            console[key] = function () {","                var element;","                console[key + '_original'].apply(console, arguments);","                element = document.querySelector('#outputTextareaStdout1');","                if (!element) {","                    return;","                }","                // append text to #outputTextareaStdout1","                element.value += Array.from(arguments).map(function (arg) {","                    return typeof arg === 'string'","                        ? arg","                        : JSON.stringify(arg, null, 4);","                }).join(' ') + '\\n';","                // scroll textarea to bottom","                element.scrollTop = element.scrollHeight;","            };","        });","        // init event-handling","        ['change', 'click', 'keyup'].forEach(function (event) {","            Array.from(document.querySelectorAll('.on' + event)).forEach(function (element) {","                element.addEventListener(event, local.testRunBrowser);","            });","        });","        // run tests","        local.testRunBrowser();","        break;","","","","    // run node js-env code - post-init","    /* istanbul ignore next */","    case 'node':","        // export local","        module.exports = local;","        // require modules","        local.fs = require('fs');","        local.http = require('http');","        local.url = require('url');","        // init assets","        local.assetsDict = local.assetsDict || {};","        /* jslint-ignore-begin */","        local.assetsDict['/assets.index.template.html'] = '\\","<!doctype html>\\n\\","<html lang=\"en\">\\n\\","<head>\\n\\","<meta charset=\"UTF-8\">\\n\\","<meta name=\"viewport\" content=\"width=device-width, initial-scale=1\">\\n\\","<title>{{env.npm_package_name}} (v{{env.npm_package_version}})</title>\\n\\","<style>\\n\\","/*csslint\\n\\","    box-sizing: false,\\n\\","    universal-selector: false\\n\\","*/\\n\\","* {\\n\\","    box-sizing: border-box;\\n\\","}\\n\\","body {\\n\\","    background: #dde;\\n\\","    font-family: Arial, Helvetica, sans-serif;\\n\\","    margin: 2rem;\\n\\","}\\n\\","body > * {\\n\\","    margin-bottom: 1rem;\\n\\","}\\n\\",".utility2FooterDiv {\\n\\","    margin-top: 20px;\\n\\","    text-align: center;\\n\\","}\\n\\","</style>\\n\\","<style>\\n\\","/*csslint\\n\\","*/\\n\\","textarea {\\n\\","    font-family: monospace;\\n\\","    height: 10rem;\\n\\","    width: 100%;\\n\\","}\\n\\","textarea[readonly] {\\n\\","    background: #ddd;\\n\\","}\\n\\","</style>\\n\\","</head>\\n\\","<body>\\n\\","<!-- utility2-comment\\n\\","<div id=\"ajaxProgressDiv1\" style=\"background: #d00; height: 2px; left: 0; margin: 0; padding: 0; position: fixed; top: 0; transition: background 0.5s, width 1.5s; width: 25%;\"></div>\\n\\","utility2-comment -->\\n\\","<h1>\\n\\","<!-- utility2-comment\\n\\","    <a\\n\\","        {{#if env.npm_package_homepage}}\\n\\","        href=\"{{env.npm_package_homepage}}\"\\n\\","        {{/if env.npm_package_homepage}}\\n\\","        target=\"_blank\"\\n\\","    >\\n\\","utility2-comment -->\\n\\","        {{env.npm_package_name}} (v{{env.npm_package_version}})\\n\\","<!-- utility2-comment\\n\\","    </a>\\n\\","utility2-comment -->\\n\\","</h1>\\n\\","<h3>{{env.npm_package_description}}</h3>\\n\\","<!-- utility2-comment\\n\\","<h4><a download href=\"assets.app.js\">download standalone app</a></h4>\\n\\","<button class=\"onclick onreset\" id=\"testRunButton1\">run internal test</button><br>\\n\\","<div id=\"testReportDiv1\" style=\"display: none;\"></div>\\n\\","utility2-comment -->\\n\\","\\n\\","\\n\\","\\n\\","<label>stderr and stdout</label>\\n\\","<textarea class=\"resettable\" id=\"outputTextareaStdout1\" readonly></textarea>\\n\\","<!-- utility2-comment\\n\\","{{#if isRollup}}\\n\\","<script src=\"assets.app.js\"></script>\\n\\","{{#unless isRollup}}\\n\\","utility2-comment -->\\n\\","<script src=\"assets.utility2.rollup.js\"></script>\\n\\","<script src=\"jsonp.utility2._stateInit?callback=window.utility2._stateInit\"></script>\\n\\","<script src=\"assets.npmtest_redux_form.rollup.js\"></script>\\n\\","<script src=\"assets.example.js\"></script>\\n\\","<script src=\"assets.test.js\"></script>\\n\\","<!-- utility2-comment\\n\\","{{/if isRollup}}\\n\\","utility2-comment -->\\n\\","<div class=\"utility2FooterDiv\">\\n\\","    [ this app was created with\\n\\","    <a href=\"https://github.com/kaizhu256/node-utility2\" target=\"_blank\">utility2</a>\\n\\","    ]\\n\\","</div>\\n\\","</body>\\n\\","</html>\\n\\","';","        /* jslint-ignore-end */","        if (local.templateRender) {","            local.assetsDict['/'] = local.templateRender(","                local.assetsDict['/assets.index.template.html'],","                {","                    env: local.objectSetDefault(local.env, {","                        npm_package_description: 'the greatest app in the world!',","                        npm_package_name: 'my-app',","                        npm_package_nameAlias: 'my_app',","                        npm_package_version: '0.0.1'","                    })","                }","            );","        } else {","            local.assetsDict['/'] = local.assetsDict['/assets.index.template.html']","                .replace((/\\{\\{env\\.(\\w+?)\\}\\}/g), function (match0, match1) {","                    // jslint-hack","                    String(match0);","                    switch (match1) {","                    case 'npm_package_description':","                        return 'the greatest app in the world!';","                    case 'npm_package_name':","                        return 'my-app';","                    case 'npm_package_nameAlias':","                        return 'my_app';","                    case 'npm_package_version':","                        return '0.0.1';","                    }","                });","        }","        // run the cli","        if (local.global.utility2_rollup || module !== require.main) {","            break;","        }","        local.assetsDict['/assets.example.js'] =","            local.assetsDict['/assets.example.js'] ||","            local.fs.readFileSync(__filename, 'utf8');","        // bug-workaround - long $npm_package_buildCustomOrg","        /* jslint-ignore-begin */","        local.assetsDict['/assets.npmtest_redux_form.rollup.js'] =","            local.assetsDict['/assets.npmtest_redux_form.rollup.js'] ||","            local.fs.readFileSync(","                local.npmtest_redux_form.__dirname + '/lib.npmtest_redux_form.js',","                'utf8'","            ).replace((/^#!/), '//');","        /* jslint-ignore-end */","        local.assetsDict['/favicon.ico'] = local.assetsDict['/favicon.ico'] || '';","        // if $npm_config_timeout_exit exists,","        // then exit this process after $npm_config_timeout_exit ms","        if (Number(process.env.npm_config_timeout_exit)) {","            setTimeout(process.exit, Number(process.env.npm_config_timeout_exit));","        }","        // start server","        if (local.global.utility2_serverHttp1) {","            break;","        }","        process.env.PORT = process.env.PORT || '8081';","        console.error('server starting on port ' + process.env.PORT);","        local.http.createServer(function (request, response) {","            request.urlParsed = local.url.parse(request.url);","            if (local.assetsDict[request.urlParsed.pathname] !== undefined) {","                response.end(local.assetsDict[request.urlParsed.pathname]);","                return;","            }","            response.statusCode = 404;","            response.end();","        }).listen(process.env.PORT);","        break;","    }","}());",""],"l":{"26":2,"28":2,"33":2,"35":2,"37":2,"38":2,"39":2,"44":1,"51":2,"55":2,"59":2,"61":2,"69":1,"70":2,"76":2,"79":2,"82":2,"83":2,"85":1,"89":2,"92":1,"93":1,"94":1,"96":1,"97":1,"100":1,"101":1,"103":1,"106":1,"108":2,"114":1,"116":1,"118":1,"123":1,"124":2,"125":2,"126":3,"127":3,"128":3,"129":3,"130":1,"133":3,"134":3,"139":3,"143":1,"144":3,"145":1,"149":1,"150":1,"158":1,"160":1,"161":1,"162":1,"164":1,"166":1,"258":1,"259":1,"271":1,"274":6,"275":6,"277":1,"279":2,"281":1,"283":2,"288":1,"289":1,"291":1,"296":1,"303":1,"306":1,"307":1,"310":1,"311":1,"313":1,"314":1,"315":1,"316":1,"317":1,"318":1,"319":1,"321":1,"322":1,"324":1}},"/home/travis/build/npmtest/node-npmtest-redux-form/node_modules/redux-form/lib/index.js":{"path":"/home/travis/build/npmtest/node-npmtest-redux-form/node_modules/redux-form/lib/index.js","s":{"1":1,"2":1,"3":1,"4":1,"5":1,"6":1,"7":1,"8":2,"9":1,"10":1,"11":1,"12":1,"13":1,"14":1,"15":1,"16":1,"17":1,"18":1,"19":1,"20":1,"21":1,"22":1,"23":1,"24":1,"25":1,"26":1,"27":1,"28":1,"29":1,"30":1,"31":1,"32":1,"33":1,"34":1,"35":1,"36":1,"37":1,"38":1,"39":1,"40":1,"41":1,"42":1,"43":1,"44":1,"45":1,"46":1,"47":1,"48":1,"49":1,"50":1,"51":1,"52":1,"53":1,"54":1,"55":1,"56":1,"57":1,"58":1,"59":1,"60":1,"61":1,"62":1,"63":1,"64":1,"65":1},"b":{"1":[2,0],"2":[2,2]},"f":{"1":2},"fnMap":{"1":{"name":"_interopRequireDefault","line":16,"loc":{"start":{"line":16,"column":0},"end":{"line":16,"column":37}}}},"statementMap":{"1":{"start":{"line":3,"column":0},"end":{"line":5,"column":3}},"2":{"start":{"line":6,"column":0},"end":{"line":6,"column":1226}},"3":{"start":{"line":8,"column":0},"end":{"line":8,"column":41}},"4":{"start":{"line":10,"column":0},"end":{"line":10,"column":54}},"5":{"start":{"line":12,"column":0},"end":{"line":12,"column":42}},"6":{"start":{"line":14,"column":0},"end":{"line":14,"column":45}},"7":{"start":{"line":16,"column":0},"end":{"line":16,"column":95}},"8":{"start":{"line":16,"column":39},"end":{"line":16,"column":93}},"9":{"start":{"line":18,"column":0},"end":{"line":18,"column":59}},"10":{"start":{"line":20,"column":0},"end":{"line":74,"column":31}},"11":{"start":{"line":75,"column":0},"end":{"line":75,"column":34}},"12":{"start":{"line":76,"column":0},"end":{"line":76,"column":34}},"13":{"start":{"line":77,"column":0},"end":{"line":77,"column":30}},"14":{"start":{"line":78,"column":0},"end":{"line":78,"column":28}},"15":{"start":{"line":79,"column":0},"end":{"line":79,"column":30}},"16":{"start":{"line":80,"column":0},"end":{"line":80,"column":34}},"17":{"start":{"line":81,"column":0},"end":{"line":81,"column":40}},"18":{"start":{"line":82,"column":0},"end":{"line":82,"column":32}},"19":{"start":{"line":83,"column":0},"end":{"line":83,"column":34}},"20":{"start":{"line":84,"column":0},"end":{"line":84,"column":30}},"21":{"start":{"line":85,"column":0},"end":{"line":85,"column":36}},"22":{"start":{"line":86,"column":0},"end":{"line":86,"column":28}},"23":{"start":{"line":87,"column":0},"end":{"line":87,"column":20}},"24":{"start":{"line":88,"column":0},"end":{"line":88,"column":24}},"25":{"start":{"line":89,"column":0},"end":{"line":89,"column":46}},"26":{"start":{"line":90,"column":0},"end":{"line":90,"column":26}},"27":{"start":{"line":91,"column":0},"end":{"line":91,"column":22}},"28":{"start":{"line":92,"column":0},"end":{"line":92,"column":24}},"29":{"start":{"line":93,"column":0},"end":{"line":93,"column":32}},"30":{"start":{"line":94,"column":0},"end":{"line":94,"column":20}},"31":{"start":{"line":95,"column":0},"end":{"line":95,"column":34}},"32":{"start":{"line":96,"column":0},"end":{"line":96,"column":22}},"33":{"start":{"line":97,"column":0},"end":{"line":97,"column":46}},"34":{"start":{"line":98,"column":0},"end":{"line":98,"column":36}},"35":{"start":{"line":99,"column":0},"end":{"line":99,"column":38}},"36":{"start":{"line":100,"column":0},"end":{"line":100,"column":52}},"37":{"start":{"line":101,"column":0},"end":{"line":101,"column":46}},"38":{"start":{"line":102,"column":0},"end":{"line":102,"column":48}},"39":{"start":{"line":103,"column":0},"end":{"line":103,"column":50}},"40":{"start":{"line":104,"column":0},"end":{"line":104,"column":50}},"41":{"start":{"line":105,"column":0},"end":{"line":105,"column":32}},"42":{"start":{"line":106,"column":0},"end":{"line":106,"column":26}},"43":{"start":{"line":107,"column":0},"end":{"line":107,"column":30}},"44":{"start":{"line":108,"column":0},"end":{"line":108,"column":32}},"45":{"start":{"line":109,"column":0},"end":{"line":109,"column":26}},"46":{"start":{"line":110,"column":0},"end":{"line":110,"column":36}},"47":{"start":{"line":111,"column":0},"end":{"line":111,"column":48}},"48":{"start":{"line":112,"column":0},"end":{"line":112,"column":42}},"49":{"start":{"line":113,"column":0},"end":{"line":113,"column":30}},"50":{"start":{"line":114,"column":0},"end":{"line":114,"column":26}},"51":{"start":{"line":115,"column":0},"end":{"line":115,"column":30}},"52":{"start":{"line":116,"column":0},"end":{"line":116,"column":38}},"53":{"start":{"line":117,"column":0},"end":{"line":117,"column":22}},"54":{"start":{"line":118,"column":0},"end":{"line":118,"column":42}},"55":{"start":{"line":119,"column":0},"end":{"line":119,"column":48}},"56":{"start":{"line":120,"column":0},"end":{"line":120,"column":52}},"57":{"start":{"line":121,"column":0},"end":{"line":121,"column":34}},"58":{"start":{"line":122,"column":0},"end":{"line":122,"column":50}},"59":{"start":{"line":123,"column":0},"end":{"line":123,"column":32}},"60":{"start":{"line":124,"column":0},"end":{"line":124,"column":24}},"61":{"start":{"line":125,"column":0},"end":{"line":125,"column":42}},"62":{"start":{"line":126,"column":0},"end":{"line":126,"column":22}},"63":{"start":{"line":127,"column":0},"end":{"line":127,"column":42}},"64":{"start":{"line":128,"column":0},"end":{"line":128,"column":26}},"65":{"start":{"line":129,"column":0},"end":{"line":129,"column":24}}},"branchMap":{"1":{"line":16,"type":"cond-expr","locations":[{"start":{"line":16,"column":70},"end":{"line":16,"column":73}},{"start":{"line":16,"column":76},"end":{"line":16,"column":92}}]},"2":{"line":16,"type":"binary-expr","locations":[{"start":{"line":16,"column":46},"end":{"line":16,"column":49}},{"start":{"line":16,"column":53},"end":{"line":16,"column":67}}]}},"code":["'use strict';","","Object.defineProperty(exports, \"__esModule\", {","  value: true","});","exports.values = exports.untouch = exports.unregisterField = exports.touch = exports.SubmissionError = exports.submit = exports.stopSubmit = exports.stopAsyncValidation = exports.startSubmit = exports.startAsyncValidation = exports.setSubmitSucceeded = exports.setSubmitFailed = exports.reset = exports.registerField = exports.reduxForm = exports.reducer = exports.propTypes = exports.hasSubmitFailed = exports.hasSubmitSucceeded = exports.isSubmitting = exports.isValid = exports.isPristine = exports.isInvalid = exports.isDirty = exports.initialize = exports.getFormSubmitErrors = exports.getFormSyncWarnings = exports.getFormAsyncErrors = exports.getFormSyncErrors = exports.getFormInitialValues = exports.getFormValues = exports.getFormNames = exports.formValueSelector = exports.focus = exports.FormSection = exports.Form = exports.FieldArray = exports.Fields = exports.Field = exports.destroy = exports.clearSubmitErrors = exports.change = exports.blur = exports.autofill = exports.arrayUnshift = exports.arraySwap = exports.arraySplice = exports.arrayShift = exports.arrayRemoveAll = exports.arrayRemove = exports.arrayPush = exports.arrayPop = exports.arrayMove = exports.arrayInsert = exports.actionTypes = undefined;","","var _createAll2 = require('./createAll');","","var _createAll3 = _interopRequireDefault(_createAll2);","","var _plain = require('./structure/plain');","","var _plain2 = _interopRequireDefault(_plain);","","function _interopRequireDefault(obj) { return obj && obj.__esModule ? obj : { default: obj }; }","","var _createAll = (0, _createAll3.default)(_plain2.default);","","var actionTypes = _createAll.actionTypes,","    arrayInsert = _createAll.arrayInsert,","    arrayMove = _createAll.arrayMove,","    arrayPop = _createAll.arrayPop,","    arrayPush = _createAll.arrayPush,","    arrayRemove = _createAll.arrayRemove,","    arrayRemoveAll = _createAll.arrayRemoveAll,","    arrayShift = _createAll.arrayShift,","    arraySplice = _createAll.arraySplice,","    arraySwap = _createAll.arraySwap,","    arrayUnshift = _createAll.arrayUnshift,","    autofill = _createAll.autofill,","    blur = _createAll.blur,","    change = _createAll.change,","    clearSubmitErrors = _createAll.clearSubmitErrors,","    destroy = _createAll.destroy,","    Field = _createAll.Field,","    Fields = _createAll.Fields,","    FieldArray = _createAll.FieldArray,","    Form = _createAll.Form,","    FormSection = _createAll.FormSection,","    focus = _createAll.focus,","    formValueSelector = _createAll.formValueSelector,","    getFormNames = _createAll.getFormNames,","    getFormValues = _createAll.getFormValues,","    getFormInitialValues = _createAll.getFormInitialValues,","    getFormSyncErrors = _createAll.getFormSyncErrors,","    getFormAsyncErrors = _createAll.getFormAsyncErrors,","    getFormSyncWarnings = _createAll.getFormSyncWarnings,","    getFormSubmitErrors = _createAll.getFormSubmitErrors,","    initialize = _createAll.initialize,","    isDirty = _createAll.isDirty,","    isInvalid = _createAll.isInvalid,","    isPristine = _createAll.isPristine,","    isValid = _createAll.isValid,","    isSubmitting = _createAll.isSubmitting,","    hasSubmitSucceeded = _createAll.hasSubmitSucceeded,","    hasSubmitFailed = _createAll.hasSubmitFailed,","    propTypes = _createAll.propTypes,","    reducer = _createAll.reducer,","    reduxForm = _createAll.reduxForm,","    registerField = _createAll.registerField,","    reset = _createAll.reset,","    setSubmitFailed = _createAll.setSubmitFailed,","    setSubmitSucceeded = _createAll.setSubmitSucceeded,","    startAsyncValidation = _createAll.startAsyncValidation,","    startSubmit = _createAll.startSubmit,","    stopAsyncValidation = _createAll.stopAsyncValidation,","    stopSubmit = _createAll.stopSubmit,","    submit = _createAll.submit,","    SubmissionError = _createAll.SubmissionError,","    touch = _createAll.touch,","    unregisterField = _createAll.unregisterField,","    untouch = _createAll.untouch,","    values = _createAll.values;","exports.actionTypes = actionTypes;","exports.arrayInsert = arrayInsert;","exports.arrayMove = arrayMove;","exports.arrayPop = arrayPop;","exports.arrayPush = arrayPush;","exports.arrayRemove = arrayRemove;","exports.arrayRemoveAll = arrayRemoveAll;","exports.arrayShift = arrayShift;","exports.arraySplice = arraySplice;","exports.arraySwap = arraySwap;","exports.arrayUnshift = arrayUnshift;","exports.autofill = autofill;","exports.blur = blur;","exports.change = change;","exports.clearSubmitErrors = clearSubmitErrors;","exports.destroy = destroy;","exports.Field = Field;","exports.Fields = Fields;","exports.FieldArray = FieldArray;","exports.Form = Form;","exports.FormSection = FormSection;","exports.focus = focus;","exports.formValueSelector = formValueSelector;","exports.getFormNames = getFormNames;","exports.getFormValues = getFormValues;","exports.getFormInitialValues = getFormInitialValues;","exports.getFormSyncErrors = getFormSyncErrors;","exports.getFormAsyncErrors = getFormAsyncErrors;","exports.getFormSyncWarnings = getFormSyncWarnings;","exports.getFormSubmitErrors = getFormSubmitErrors;","exports.initialize = initialize;","exports.isDirty = isDirty;","exports.isInvalid = isInvalid;","exports.isPristine = isPristine;","exports.isValid = isValid;","exports.isSubmitting = isSubmitting;","exports.hasSubmitSucceeded = hasSubmitSucceeded;","exports.hasSubmitFailed = hasSubmitFailed;","exports.propTypes = propTypes;","exports.reducer = reducer;","exports.reduxForm = reduxForm;","exports.registerField = registerField;","exports.reset = reset;","exports.setSubmitFailed = setSubmitFailed;","exports.setSubmitSucceeded = setSubmitSucceeded;","exports.startAsyncValidation = startAsyncValidation;","exports.startSubmit = startSubmit;","exports.stopAsyncValidation = stopAsyncValidation;","exports.stopSubmit = stopSubmit;","exports.submit = submit;","exports.SubmissionError = SubmissionError;","exports.touch = touch;","exports.unregisterField = unregisterField;","exports.untouch = untouch;","exports.values = values;"],"l":{"3":1,"6":1,"8":1,"10":1,"12":1,"14":1,"16":2,"18":1,"20":1,"75":1,"76":1,"77":1,"78":1,"79":1,"80":1,"81":1,"82":1,"83":1,"84":1,"85":1,"86":1,"87":1,"88":1,"89":1,"90":1,"91":1,"92":1,"93":1,"94":1,"95":1,"96":1,"97":1,"98":1,"99":1,"100":1,"101":1,"102":1,"103":1,"104":1,"105":1,"106":1,"107":1,"108":1,"109":1,"110":1,"111":1,"112":1,"113":1,"114":1,"115":1,"116":1,"117":1,"118":1,"119":1,"120":1,"121":1,"122":1,"123":1,"124":1,"125":1,"126":1,"127":1,"128":1,"129":1}},"/home/travis/build/npmtest/node-npmtest-redux-form/node_modules/redux-form/lib/createAll.js":{"path":"/home/travis/build/npmtest/node-npmtest-redux-form/node_modules/redux-form/lib/createAll.js","s":{"1":1,"2":1,"3":0,"4":0,"5":0,"6":0,"7":0,"8":0,"9":1,"10":1,"11":1,"12":1,"13":1,"14":1,"15":1,"16":1,"17":1,"18":1,"19":1,"20":1,"21":1,"22":1,"23":1,"24":1,"25":1,"26":1,"27":1,"28":1,"29":1,"30":1,"31":1,"32":1,"33":1,"34":1,"35":1,"36":1,"37":1,"38":1,"39":1,"40":1,"41":1,"42":1,"43":1,"44":1,"45":1,"46":1,"47":1,"48":1,"49":1,"50":1,"51":1,"52":1,"53":1,"54":1,"55":1,"56":1,"57":1,"58":1,"59":1,"60":1,"61":1,"62":1,"63":1,"64":2,"65":2,"66":0,"67":0,"68":0,"69":0,"70":0,"71":0,"72":0,"73":1,"74":25,"75":1,"76":1,"77":1},"b":{"1":[1,0],"2":[0,0],"3":[2,0],"4":[2,2],"5":[0,0],"6":[0,0],"7":[25,0],"8":[25,25]},"f":{"1":0,"2":2,"3":25,"4":1},"fnMap":{"1":{"name":"(anonymous_1)","line":7,"loc":{"start":{"line":7,"column":32},"end":{"line":7,"column":50}}},"2":{"name":"_interopRequireWildcard","line":117,"loc":{"start":{"line":117,"column":0},"end":{"line":117,"column":38}}},"3":{"name":"_interopRequireDefault","line":119,"loc":{"start":{"line":119,"column":0},"end":{"line":119,"column":37}}},"4":{"name":"createAll","line":121,"loc":{"start":{"line":121,"column":16},"end":{"line":121,"column":46}}}},"statementMap":{"1":{"start":{"line":3,"column":0},"end":{"line":5,"column":3}},"2":{"start":{"line":7,"column":0},"end":{"line":7,"column":257}},"3":{"start":{"line":7,"column":52},"end":{"line":7,"column":239}},"4":{"start":{"line":7,"column":97},"end":{"line":7,"column":123}},"5":{"start":{"line":7,"column":124},"end":{"line":7,"column":237}},"6":{"start":{"line":7,"column":150},"end":{"line":7,"column":235}},"7":{"start":{"line":7,"column":207},"end":{"line":7,"column":233}},"8":{"start":{"line":7,"column":240},"end":{"line":7,"column":254}},"9":{"start":{"line":9,"column":0},"end":{"line":9,"column":36}},"10":{"start":{"line":11,"column":0},"end":{"line":11,"column":49}},"11":{"start":{"line":13,"column":0},"end":{"line":13,"column":40}},"12":{"start":{"line":15,"column":0},"end":{"line":15,"column":53}},"13":{"start":{"line":17,"column":0},"end":{"line":17,"column":32}},"14":{"start":{"line":19,"column":0},"end":{"line":19,"column":45}},"15":{"start":{"line":21,"column":0},"end":{"line":21,"column":34}},"16":{"start":{"line":23,"column":0},"end":{"line":23,"column":47}},"17":{"start":{"line":25,"column":0},"end":{"line":25,"column":42}},"18":{"start":{"line":27,"column":0},"end":{"line":27,"column":55}},"19":{"start":{"line":29,"column":0},"end":{"line":29,"column":56}},"20":{"start":{"line":31,"column":0},"end":{"line":31,"column":69}},"21":{"start":{"line":33,"column":0},"end":{"line":33,"column":34}},"22":{"start":{"line":35,"column":0},"end":{"line":35,"column":47}},"23":{"start":{"line":37,"column":0},"end":{"line":37,"column":56}},"24":{"start":{"line":39,"column":0},"end":{"line":39,"column":59}},"25":{"start":{"line":41,"column":0},"end":{"line":41,"column":58}},"26":{"start":{"line":43,"column":0},"end":{"line":43,"column":61}},"27":{"start":{"line":45,"column":0},"end":{"line":45,"column":72}},"28":{"start":{"line":47,"column":0},"end":{"line":47,"column":75}},"29":{"start":{"line":49,"column":0},"end":{"line":49,"column":66}},"30":{"start":{"line":51,"column":0},"end":{"line":51,"column":69}},"31":{"start":{"line":53,"column":0},"end":{"line":53,"column":68}},"32":{"start":{"line":55,"column":0},"end":{"line":55,"column":71}},"33":{"start":{"line":57,"column":0},"end":{"line":57,"column":70}},"34":{"start":{"line":59,"column":0},"end":{"line":59,"column":73}},"35":{"start":{"line":61,"column":0},"end":{"line":61,"column":70}},"36":{"start":{"line":63,"column":0},"end":{"line":63,"column":73}},"37":{"start":{"line":65,"column":0},"end":{"line":65,"column":46}},"38":{"start":{"line":67,"column":0},"end":{"line":67,"column":49}},"39":{"start":{"line":69,"column":0},"end":{"line":69,"column":50}},"40":{"start":{"line":71,"column":0},"end":{"line":71,"column":53}},"41":{"start":{"line":73,"column":0},"end":{"line":73,"column":52}},"42":{"start":{"line":75,"column":0},"end":{"line":75,"column":55}},"43":{"start":{"line":77,"column":0},"end":{"line":77,"column":46}},"44":{"start":{"line":79,"column":0},"end":{"line":79,"column":49}},"45":{"start":{"line":81,"column":0},"end":{"line":81,"column":56}},"46":{"start":{"line":83,"column":0},"end":{"line":83,"column":59}},"47":{"start":{"line":85,"column":0},"end":{"line":85,"column":68}},"48":{"start":{"line":87,"column":0},"end":{"line":87,"column":71}},"49":{"start":{"line":89,"column":0},"end":{"line":89,"column":62}},"50":{"start":{"line":91,"column":0},"end":{"line":91,"column":65}},"51":{"start":{"line":93,"column":0},"end":{"line":93,"column":30}},"52":{"start":{"line":95,"column":0},"end":{"line":95,"column":43}},"53":{"start":{"line":97,"column":0},"end":{"line":97,"column":44}},"54":{"start":{"line":99,"column":0},"end":{"line":99,"column":57}},"55":{"start":{"line":101,"column":0},"end":{"line":101,"column":52}},"56":{"start":{"line":103,"column":0},"end":{"line":103,"column":65}},"57":{"start":{"line":105,"column":0},"end":{"line":105,"column":40}},"58":{"start":{"line":107,"column":0},"end":{"line":107,"column":53}},"59":{"start":{"line":109,"column":0},"end":{"line":109,"column":36}},"60":{"start":{"line":111,"column":0},"end":{"line":111,"column":48}},"61":{"start":{"line":113,"column":0},"end":{"line":113,"column":44}},"62":{"start":{"line":115,"column":0},"end":{"line":115,"column":56}},"63":{"start":{"line":117,"column":0},"end":{"line":117,"column":269}},"64":{"start":{"line":117,"column":40},"end":{"line":117,"column":267}},"65":{"start":{"line":117,"column":69},"end":{"line":117,"column":80}},"66":{"start":{"line":117,"column":90},"end":{"line":117,"column":106}},"67":{"start":{"line":117,"column":107},"end":{"line":117,"column":228}},"68":{"start":{"line":117,"column":126},"end":{"line":117,"column":226}},"69":{"start":{"line":117,"column":149},"end":{"line":117,"column":224}},"70":{"start":{"line":117,"column":201},"end":{"line":117,"column":224}},"71":{"start":{"line":117,"column":229},"end":{"line":117,"column":250}},"72":{"start":{"line":117,"column":251},"end":{"line":117,"column":265}},"73":{"start":{"line":119,"column":0},"end":{"line":119,"column":95}},"74":{"start":{"line":119,"column":39},"end":{"line":119,"column":93}},"75":{"start":{"line":121,"column":0},"end":{"line":152,"column":2}},"76":{"start":{"line":122,"column":2},"end":{"line":151,"column":5}},"77":{"start":{"line":154,"column":0},"end":{"line":154,"column":28}}},"branchMap":{"1":{"line":7,"type":"binary-expr","locations":[{"start":{"line":7,"column":15},"end":{"line":7,"column":28}},{"start":{"line":7,"column":32},"end":{"line":7,"column":256}}]},"2":{"line":7,"type":"if","locations":[{"start":{"line":7,"column":150},"end":{"line":7,"column":150}},{"start":{"line":7,"column":150},"end":{"line":7,"column":150}}]},"3":{"line":117,"type":"if","locations":[{"start":{"line":117,"column":40},"end":{"line":117,"column":40}},{"start":{"line":117,"column":40},"end":{"line":117,"column":40}}]},"4":{"line":117,"type":"binary-expr","locations":[{"start":{"line":117,"column":44},"end":{"line":117,"column":47}},{"start":{"line":117,"column":51},"end":{"line":117,"column":65}}]},"5":{"line":117,"type":"if","locations":[{"start":{"line":117,"column":107},"end":{"line":117,"column":107}},{"start":{"line":117,"column":107},"end":{"line":117,"column":107}}]},"6":{"line":117,"type":"if","locations":[{"start":{"line":117,"column":149},"end":{"line":117,"column":149}},{"start":{"line":117,"column":149},"end":{"line":117,"column":149}}]},"7":{"line":119,"type":"cond-expr","locations":[{"start":{"line":119,"column":70},"end":{"line":119,"column":73}},{"start":{"line":119,"column":76},"end":{"line":119,"column":92}}]},"8":{"line":119,"type":"binary-expr","locations":[{"start":{"line":119,"column":46},"end":{"line":119,"column":49}},{"start":{"line":119,"column":53},"end":{"line":119,"column":67}}]}},"code":["'use strict';","","Object.defineProperty(exports, \"__esModule\", {","  value: true","});","","var _extends = Object.assign || function (target) { for (var i = 1; i < arguments.length; i++) { var source = arguments[i]; for (var key in source) { if (Object.prototype.hasOwnProperty.call(source, key)) { target[key] = source[key]; } } } return target; };","","var _reducer = require('./reducer');","","var _reducer2 = _interopRequireDefault(_reducer);","","var _reduxForm = require('./reduxForm');","","var _reduxForm2 = _interopRequireDefault(_reduxForm);","","var _Field = require('./Field');","","var _Field2 = _interopRequireDefault(_Field);","","var _Fields = require('./Fields');","","var _Fields2 = _interopRequireDefault(_Fields);","","var _FieldArray = require('./FieldArray');","","var _FieldArray2 = _interopRequireDefault(_FieldArray);","","var _formValueSelector = require('./formValueSelector');","","var _formValueSelector2 = _interopRequireDefault(_formValueSelector);","","var _values = require('./values');","","var _values2 = _interopRequireDefault(_values);","","var _getFormNames = require('./selectors/getFormNames');","","var _getFormNames2 = _interopRequireDefault(_getFormNames);","","var _getFormValues = require('./selectors/getFormValues');","","var _getFormValues2 = _interopRequireDefault(_getFormValues);","","var _getFormInitialValues = require('./selectors/getFormInitialValues');","","var _getFormInitialValues2 = _interopRequireDefault(_getFormInitialValues);","","var _getFormSyncErrors = require('./selectors/getFormSyncErrors');","","var _getFormSyncErrors2 = _interopRequireDefault(_getFormSyncErrors);","","var _getFormAsyncErrors = require('./selectors/getFormAsyncErrors');","","var _getFormAsyncErrors2 = _interopRequireDefault(_getFormAsyncErrors);","","var _getFormSyncWarnings = require('./selectors/getFormSyncWarnings');","","var _getFormSyncWarnings2 = _interopRequireDefault(_getFormSyncWarnings);","","var _getFormSubmitErrors = require('./selectors/getFormSubmitErrors');","","var _getFormSubmitErrors2 = _interopRequireDefault(_getFormSubmitErrors);","","var _isDirty = require('./selectors/isDirty');","","var _isDirty2 = _interopRequireDefault(_isDirty);","","var _isInvalid = require('./selectors/isInvalid');","","var _isInvalid2 = _interopRequireDefault(_isInvalid);","","var _isPristine = require('./selectors/isPristine');","","var _isPristine2 = _interopRequireDefault(_isPristine);","","var _isValid = require('./selectors/isValid');","","var _isValid2 = _interopRequireDefault(_isValid);","","var _isSubmitting = require('./selectors/isSubmitting');","","var _isSubmitting2 = _interopRequireDefault(_isSubmitting);","","var _hasSubmitSucceeded = require('./selectors/hasSubmitSucceeded');","","var _hasSubmitSucceeded2 = _interopRequireDefault(_hasSubmitSucceeded);","","var _hasSubmitFailed = require('./selectors/hasSubmitFailed');","","var _hasSubmitFailed2 = _interopRequireDefault(_hasSubmitFailed);","","var _Form = require('./Form');","","var _Form2 = _interopRequireDefault(_Form);","","var _FormSection = require('./FormSection');","","var _FormSection2 = _interopRequireDefault(_FormSection);","","var _SubmissionError = require('./SubmissionError');","","var _SubmissionError2 = _interopRequireDefault(_SubmissionError);","","var _propTypes = require('./propTypes');","","var _propTypes2 = _interopRequireDefault(_propTypes);","","var _actions = require('./actions');","","var actions = _interopRequireWildcard(_actions);","","var _actionTypes = require('./actionTypes');","","var actionTypes = _interopRequireWildcard(_actionTypes);","","function _interopRequireWildcard(obj) { if (obj && obj.__esModule) { return obj; } else { var newObj = {}; if (obj != null) { for (var key in obj) { if (Object.prototype.hasOwnProperty.call(obj, key)) newObj[key] = obj[key]; } } newObj.default = obj; return newObj; } }","","function _interopRequireDefault(obj) { return obj && obj.__esModule ? obj : { default: obj }; }","","var createAll = function createAll(structure) {","  return _extends({","    // separate out field actions","    actionTypes: actionTypes","  }, actions, {","    Field: (0, _Field2.default)(structure),","    Fields: (0, _Fields2.default)(structure),","    FieldArray: (0, _FieldArray2.default)(structure),","    Form: _Form2.default,","    FormSection: _FormSection2.default,","    formValueSelector: (0, _formValueSelector2.default)(structure),","    getFormNames: (0, _getFormNames2.default)(structure),","    getFormValues: (0, _getFormValues2.default)(structure),","    getFormInitialValues: (0, _getFormInitialValues2.default)(structure),","    getFormSyncErrors: (0, _getFormSyncErrors2.default)(structure),","    getFormAsyncErrors: (0, _getFormAsyncErrors2.default)(structure),","    getFormSyncWarnings: (0, _getFormSyncWarnings2.default)(structure),","    getFormSubmitErrors: (0, _getFormSubmitErrors2.default)(structure),","    isDirty: (0, _isDirty2.default)(structure),","    isInvalid: (0, _isInvalid2.default)(structure),","    isPristine: (0, _isPristine2.default)(structure),","    isValid: (0, _isValid2.default)(structure),","    isSubmitting: (0, _isSubmitting2.default)(structure),","    hasSubmitSucceeded: (0, _hasSubmitSucceeded2.default)(structure),","    hasSubmitFailed: (0, _hasSubmitFailed2.default)(structure),","    propTypes: _propTypes2.default,","    reduxForm: (0, _reduxForm2.default)(structure),","    reducer: (0, _reducer2.default)(structure),","    SubmissionError: _SubmissionError2.default,","    values: (0, _values2.default)(structure)","  });","};","","exports.default = createAll;"],"l":{"3":1,"7":1,"9":1,"11":1,"13":1,"15":1,"17":1,"19":1,"21":1,"23":1,"25":1,"27":1,"29":1,"31":1,"33":1,"35":1,"37":1,"39":1,"41":1,"43":1,"45":1,"47":1,"49":1,"51":1,"53":1,"55":1,"57":1,"59":1,"61":1,"63":1,"65":1,"67":1,"69":1,"71":1,"73":1,"75":1,"77":1,"79":1,"81":1,"83":1,"85":1,"87":1,"89":1,"91":1,"93":1,"95":1,"97":1,"99":1,"101":1,"103":1,"105":1,"107":1,"109":1,"111":1,"113":1,"115":1,"117":2,"119":25,"121":1,"122":1,"154":1}},"/home/travis/build/npmtest/node-npmtest-redux-form/node_modules/redux-form/lib/reducer.js":{"path":"/home/travis/build/npmtest/node-npmtest-redux-form/node_modules/redux-form/lib/reducer.js","s":{"1":1,"2":1,"3":1,"4":1,"5":1,"6":1,"7":1,"8":2,"9":1,"10":32,"11":0,"12":32,"13":32,"14":1,"15":0,"16":0,"17":0,"18":0,"19":0,"20":0,"21":0,"22":0,"23":1,"24":0,"25":1,"26":1,"27":1,"28":1,"29":1,"30":0,"31":0,"32":1,"33":0,"34":0,"35":0,"36":1,"37":1,"38":0,"39":0,"40":0,"41":0,"42":0,"43":0,"44":0,"45":0,"46":0,"47":1,"48":0,"49":0,"50":0,"51":0,"52":0,"53":0,"54":0,"55":0,"56":0,"57":0,"58":0,"59":0,"60":0,"61":0,"62":0,"63":0,"64":0,"65":0,"66":0,"67":0,"68":0,"69":0,"70":0,"71":0,"72":0,"73":0,"74":0,"75":0,"76":0,"77":0,"78":0,"79":0,"80":0,"81":0,"82":0,"83":0,"84":0,"85":0,"86":0,"87":0,"88":0,"89":0,"90":0,"91":0,"92":0,"93":0,"94":0,"95":0,"96":0,"97":0,"98":0,"99":0,"100":0,"101":0,"102":0,"103":0,"104":0,"105":0,"106":0,"107":0,"108":0,"109":0,"110":0,"111":0,"112":0,"113":0,"114":0,"115":0,"116":0,"117":0,"118":0,"119":0,"120":0,"121":0,"122":0,"123":0,"124":0,"125":0,"126":0,"127":0,"128":0,"129":0,"130":0,"131":0,"132":0,"133":0,"134":0,"135":0,"136":0,"137":0,"138":0,"139":0,"140":0,"141":0,"142":0,"143":0,"144":0,"145":0,"146":0,"147":0,"148":0,"149":0,"150":0,"151":0,"152":0,"153":0,"154":0,"155":0,"156":0,"157":0,"158":0,"159":0,"160":0,"161":0,"162":0,"163":0,"164":0,"165":0,"166":0,"167":0,"168":0,"169":0,"170":0,"171":0,"172":0,"173":0,"174":0,"175":0,"176":0,"177":0,"178":0,"179":0,"180":0,"181":0,"182":0,"183":0,"184":0,"185":0,"186":0,"187":0,"188":0,"189":0,"190":0,"191":0,"192":0,"193":0,"194":0,"195":0,"196":0,"197":0,"198":0,"199":0,"200":0,"201":0,"202":0,"203":0,"204":0,"205":0,"206":0,"207":0,"208":0,"209":0,"210":0,"211":0,"212":0,"213":0,"214":0,"215":0,"216":0,"217":0,"218":0,"219":0,"220":0,"221":0,"222":0,"223":0,"224":0,"225":0,"226":0,"227":0,"228":0,"229":0,"230":0,"231":0,"232":0,"233":0,"234":0,"235":0,"236":0,"237":0,"238":0,"239":0,"240":0,"241":0,"242":0,"243":0,"244":0,"245":0,"246":0,"247":0,"248":0,"249":0,"250":0,"251":0,"252":0,"253":0,"254":0,"255":0,"256":0,"257":0,"258":0,"259":0,"260":0,"261":0,"262":0,"263":0,"264":0,"265":0,"266":0,"267":0,"268":0,"269":0,"270":0,"271":0,"272":0,"273":0,"274":0,"275":0,"276":0,"277":0,"278":0,"279":0,"280":0,"281":0,"282":0,"283":0,"284":0,"285":1,"286":0,"287":0,"288":0,"289":0,"290":1,"291":1,"292":0,"293":0,"294":0,"295":0,"296":0,"297":0,"298":0,"299":0,"300":0,"301":0,"302":0,"303":1,"304":1,"305":0,"306":0,"307":0,"308":0,"309":0,"310":0,"311":0,"312":0,"313":1,"314":1,"315":1},"b":{"1":[2,0],"2":[2,2],"3":[0,32],"4":[0,0],"5":[0,0],"6":[0,0,0,0],"7":[0,0],"8":[0,0],"9":[0,0],"10":[0,0],"11":[0,0],"12":[0,0],"13":[0,0],"14":[0,0],"15":[0,0],"16":[0,0],"17":[0,0],"18":[0,0],"19":[0,0],"20":[0,0],"21":[0,0],"22":[0,0],"23":[0,0],"24":[0,0],"25":[0,0],"26":[0,0],"27":[0,0],"28":[0,0],"29":[0,0],"30":[0,0],"31":[0,0],"32":[0,0],"33":[0,0],"34":[0,0],"35":[0,0],"36":[0,0],"37":[0,0],"38":[0,0],"39":[0,0],"40":[0,0],"41":[0,0],"42":[0,0],"43":[0,0],"44":[0,0],"45":[0,0],"46":[0,0],"47":[0,0],"48":[0,0],"49":[0,0],"50":[0,0],"51":[0,0],"52":[0,0],"53":[0,0],"54":[0,0],"55":[0,0],"56":[0,0],"57":[0,0],"58":[0,0],"59":[0,0],"60":[0,0],"61":[0,0],"62":[0,0],"63":[0,0],"64":[0,0],"65":[0,0],"66":[0,0],"67":[0,0],"68":[0,0],"69":[0,0],"70":[0,0],"71":[0,0,0],"72":[0,0],"73":[0,0],"74":[0,0],"75":[0,0],"76":[0,0],"77":[0,0],"78":
[...]
:5,"column":3}},"2":{"start":{"line":6,"column":0},"end":{"line":6,"column":1226}},"3":{"start":{"line":8,"column":0},"end":{"line":8,"column":41}},"4":{"start":{"line":10,"column":0},"end":{"line":10,"column":54}},"5":{"start":{"line":12,"column":0},"end":{"line":12,"column":50}},"6":{"start":{"line":14,"column":0},"end":{"line":14,"column":53}},"7":{"start":{"line":16,"column":0},"end":{"line":16,"column":95}},"8":{"start":{"line":16,"column":39},"end":{"line":16,"column":93}},"9":{"start":{"line":18,"column":0},"end":{"line":18,"column":63}},"10":{"start":{"line":20,"column":0},"end":{"line":74,"column":31}},"11":{"start":{"line":75,"column":0},"end":{"line":75,"column":34}},"12":{"start":{"line":76,"column":0},"end":{"line":76,"column":34}},"13":{"start":{"line":77,"column":0},"end":{"line":77,"column":30}},"14":{"start":{"line":78,"column":0},"end":{"line":78,"column":28}},"15":{"start":{"line":79,"column":0},"end":{"line":79,"column":30}},"16":{"start":{"line":80,"column":0},"end":{"line":80,"column":34}},"17":{"start":{"line":81,"column":0},"end":{"line":81,"column":40}},"18":{"start":{"line":82,"column":0},"end":{"line":82,"column":32}},"19":{"start":{"line":83,"column":0},"end":{"line":83,"column":34}},"20":{"start":{"line":84,"column":0},"end":{"line":84,"column":30}},"21":{"start":{"line":85,"column":0},"end":{"line":85,"column":36}},"22":{"start":{"line":86,"column":0},"end":{"line":86,"column":28}},"23":{"start":{"line":87,"column":0},"end":{"line":87,"column":20}},"24":{"start":{"line":88,"column":0},"end":{"line":88,"column":24}},"25":{"start":{"line":89,"column":0},"end":{"line":89,"column":46}},"26":{"start":{"line":90,"column":0},"end":{"line":90,"column":26}},"27":{"start":{"line":91,"column":0},"end":{"line":91,"column":22}},"28":{"start":{"line":92,"column":0},"end":{"line":92,"column":24}},"29":{"start":{"line":93,"column":0},"end":{"line":93,"column":32}},"30":{"start":{"line":94,"column":0},"end":{"line":94,"column":20}},"31":{"start":{"line":95,"column":0},"end":{"line":95,"column":34}},"32":{"start":{"line":96,"column":0},"end":{"line":96,"column":22}},"33":{"start":{"line":97,"column":0},"end":{"line":97,"column":46}},"34":{"start":{"line":98,"column":0},"end":{"line":98,"column":36}},"35":{"start":{"line":99,"column":0},"end":{"line":99,"column":38}},"36":{"start":{"line":100,"column":0},"end":{"line":100,"column":52}},"37":{"start":{"line":101,"column":0},"end":{"line":101,"column":46}},"38":{"start":{"line":102,"column":0},"end":{"line":102,"column":48}},"39":{"start":{"line":103,"column":0},"end":{"line":103,"column":50}},"40":{"start":{"line":104,"column":0},"end":{"line":104,"column":50}},"41":{"start":{"line":105,"column":0},"end":{"line":105,"column":32}},"42":{"start":{"line":106,"column":0},"end":{"line":106,"column":26}},"43":{"start":{"line":107,"column":0},"end":{"line":107,"column":30}},"44":{"start":{"line":108,"column":0},"end":{"line":108,"column":32}},"45":{"start":{"line":109,"column":0},"end":{"line":109,"column":26}},"46":{"start":{"line":110,"column":0},"end":{"line":110,"column":36}},"47":{"start":{"line":111,"column":0},"end":{"line":111,"column":48}},"48":{"start":{"line":112,"column":0},"end":{"line":112,"column":42}},"49":{"start":{"line":113,"column":0},"end":{"line":113,"column":30}},"50":{"start":{"line":114,"column":0},"end":{"line":114,"column":26}},"51":{"start":{"line":115,"column":0},"end":{"line":115,"column":30}},"52":{"start":{"line":116,"column":0},"end":{"line":116,"column":38}},"53":{"start":{"line":117,"column":0},"end":{"line":117,"column":22}},"54":{"start":{"line":118,"column":0},"end":{"line":118,"column":42}},"55":{"start":{"line":119,"column":0},"end":{"line":119,"column":48}},"56":{"start":{"line":120,"column":0},"end":{"line":120,"column":52}},"57":{"start":{"line":121,"column":0},"end":{"line":121,"column":34}},"58":{"start":{"line":122,"column":0},"end":{"line":122,"column":50}},"59":{"start":{"line":123,"column":0},"end":{"line":123,"column":32}},"60":{"start":{"line":124,"column":0},"end":{"line":124,"column":24}},"61":{"start":{"line":125,"column":0},"end":{"line":125,"column":42}},"62":{"start":{"line":126,"column":0},"end":{"line":126,"column":22}},"63":{"start":{"line":127,"column":0},"end":{"line":127,"column":42}},"64":{"start":{"line":128,"column":0},"end":{"line":128,"column":26}},"65":{"start":{"line":129,"column":0},"end":{"line":129,"column":24}}},"branchMap":{"1":{"line":16,"type":"cond-expr","locations":[{"start":{"line":16,"column":70},"end":{"line":16,"column":73}},{"start":{"line":16,"column":76},"end":{"line":16,"column":92}}]},"2":{"line":16,"type":"binary-expr","locations":[{"start":{"line":16,"column":46},"end":{"line":16,"column":49}},{"start":{"line":16,"column":53},"end":{"line":16,"column":67}}]}},"code":["'use strict';","","Object.defineProperty(exports, \"__esModule\", {","  value: true","});","exports.values = exports.untouch = exports.unregisterField = exports.touch = exports.SubmissionError = exports.submit = exports.stopSubmit = exports.stopAsyncValidation = exports.startSubmit = exports.startAsyncValidation = exports.setSubmitSucceeded = exports.setSubmitFailed = exports.reset = exports.registerField = exports.reduxForm = exports.reducer = exports.propTypes = exports.hasSubmitFailed = exports.hasSubmitSucceeded = exports.isSubmitting = exports.isValid = exports.isPristine = exports.isInvalid = exports.isDirty = exports.initialize = exports.getFormSubmitErrors = exports.getFormSyncWarnings = exports.getFormAsyncErrors = exports.getFormSyncErrors = exports.getFormInitialValues = exports.getFormValues = exports.getFormNames = exports.formValueSelector = exports.focus = exports.FormSection = exports.Form = exports.FieldArray = exports.Fields = exports.Field = exports.destroy = exports.clearSubmitErrors = exports.change = exports.blur = exports.autofill = exports.arrayUnshift = exports.arraySwap = exports.arraySplice = exports.arrayShift = exports.arrayRemoveAll = exports.arrayRemove = exports.arrayPush = exports.arrayPop = exports.arrayMove = exports.arrayInsert = exports.actionTypes = undefined;","","var _createAll2 = require('./createAll');","","var _createAll3 = _interopRequireDefault(_createAll2);","","var _immutable = require('./structure/immutable');","","var _immutable2 = _interopRequireDefault(_immutable);","","function _interopRequireDefault(obj) { return obj && obj.__esModule ? obj : { default: obj }; }","","var _createAll = (0, _createAll3.default)(_immutable2.default);","","var actionTypes = _createAll.actionTypes,","    arrayInsert = _createAll.arrayInsert,","    arrayMove = _createAll.arrayMove,","    arrayPop = _createAll.arrayPop,","    arrayPush = _createAll.arrayPush,","    arrayRemove = _createAll.arrayRemove,","    arrayRemoveAll = _createAll.arrayRemoveAll,","    arrayShift = _createAll.arrayShift,","    arraySplice = _createAll.arraySplice,","    arraySwap = _createAll.arraySwap,","    arrayUnshift = _createAll.arrayUnshift,","    autofill = _createAll.autofill,","    blur = _createAll.blur,","    change = _createAll.change,","    clearSubmitErrors = _createAll.clearSubmitErrors,","    destroy = _createAll.destroy,","    Field = _createAll.Field,","    Fields = _createAll.Fields,","    FieldArray = _createAll.FieldArray,","    Form = _createAll.Form,","    FormSection = _createAll.FormSection,","    focus = _createAll.focus,","    formValueSelector = _createAll.formValueSelector,","    getFormNames = _createAll.getFormNames,","    getFormValues = _createAll.getFormValues,","    getFormInitialValues = _createAll.getFormInitialValues,","    getFormSyncErrors = _createAll.getFormSyncErrors,","    getFormAsyncErrors = _createAll.getFormAsyncErrors,","    getFormSyncWarnings = _createAll.getFormSyncWarnings,","    getFormSubmitErrors = _createAll.getFormSubmitErrors,","    initialize = _createAll.initialize,","    isDirty = _createAll.isDirty,","    isInvalid = _createAll.isInvalid,","    isPristine = _createAll.isPristine,","    isValid = _createAll.isValid,","    isSubmitting = _createAll.isSubmitting,","    hasSubmitSucceeded = _createAll.hasSubmitSucceeded,","    hasSubmitFailed = _createAll.hasSubmitFailed,","    propTypes = _createAll.propTypes,","    reducer = _createAll.reducer,","    reduxForm = _createAll.reduxForm,","    registerField = _createAll.registerField,","    reset = _createAll.reset,","    setSubmitFailed = _createAll.setSubmitFailed,","    setSubmitSucceeded = _createAll.setSubmitSucceeded,","    startAsyncValidation = _createAll.startAsyncValidation,","    startSubmit = _createAll.startSubmit,","    stopAsyncValidation = _createAll.stopAsyncValidation,","    stopSubmit = _createAll.stopSubmit,","    submit = _createAll.submit,","    SubmissionError = _createAll.SubmissionError,","    touch = _createAll.touch,","    unregisterField = _createAll.unregisterField,","    untouch = _createAll.untouch,","    values = _createAll.values;","exports.actionTypes = actionTypes;","exports.arrayInsert = arrayInsert;","exports.arrayMove = arrayMove;","exports.arrayPop = arrayPop;","exports.arrayPush = arrayPush;","exports.arrayRemove = arrayRemove;","exports.arrayRemoveAll = arrayRemoveAll;","exports.arrayShift = arrayShift;","exports.arraySplice = arraySplice;","exports.arraySwap = arraySwap;","exports.arrayUnshift = arrayUnshift;","exports.autofill = autofill;","exports.blur = blur;","exports.change = change;","exports.clearSubmitErrors = clearSubmitErrors;","exports.destroy = destroy;","exports.Field = Field;","exports.Fields = Fields;","exports.FieldArray = FieldArray;","exports.Form = Form;","exports.FormSection = FormSection;","exports.focus = focus;","exports.formValueSelector = formValueSelector;","exports.getFormNames = getFormNames;","exports.getFormValues = getFormValues;","exports.getFormInitialValues = getFormInitialValues;","exports.getFormSyncErrors = getFormSyncErrors;","exports.getFormAsyncErrors = getFormAsyncErrors;","exports.getFormSyncWarnings = getFormSyncWarnings;","exports.getFormSubmitErrors = getFormSubmitErrors;","exports.initialize = initialize;","exports.isDirty = isDirty;","exports.isInvalid = isInvalid;","exports.isPristine = isPristine;","exports.isValid = isValid;","exports.isSubmitting = isSubmitting;","exports.hasSubmitSucceeded = hasSubmitSucceeded;","exports.hasSubmitFailed = hasSubmitFailed;","exports.propTypes = propTypes;","exports.reducer = reducer;","exports.reduxForm = reduxForm;","exports.registerField = registerField;","exports.reset = reset;","exports.setSubmitFailed = setSubmitFailed;","exports.setSubmitSucceeded = setSubmitSucceeded;","exports.startAsyncValidation = startAsyncValidation;","exports.startSubmit = startSubmit;","exports.stopAsyncValidation = stopAsyncValidation;","exports.stopSubmit = stopSubmit;","exports.submit = submit;","exports.SubmissionError = SubmissionError;","exports.touch = touch;","exports.unregisterField = unregisterField;","exports.untouch = untouch;","exports.values = values;"],"l":{"3":4,"6":4,"8":4,"10":4,"12":4,"14":0,"16":4,"18":0,"20":0,"75":0,"76":0,"77":0,"78":0,"79":0,"80":0,"81":0,"82":0,"83":0,"84":0,"85":0,"86":0,"87":0,"88":0,"89":0,"90":0,"91":0,"92":0,"93":0,"94":0,"95":0,"96":0,"97":0,"98":0,"99":0,"100":0,"101":0,"102":0,"103":0,"104":0,"105":0,"106":0,"107":0,"108":0,"109":0,"110":0,"111":0,"112":0,"113":0,"114":0,"115":0,"116":0,"117":0,"118":0,"119":0,"120":0,"121":0,"122":0,"123":0,"124":0,"125":0,"126":0,"127":0,"128":0,"129":0}},"/home/travis/build/npmtest/node-npmtest-redux-form/node_modules/redux-form/lib/structure/immutable/index.js":{"path":"/home/travis/build/npmtest/node-npmtest-redux-form/node_modules/redux-form/lib/structure/immutable/index.js","s":{"1":4,"2":4,"3":4,"4":4,"5":0,"6":0,"7":0,"8":0,"9":0,"10":0,"11":0,"12":0,"13":0,"14":0,"15":1,"16":4,"17":0,"18":0,"19":0,"20":0,"21":0,"22":0,"23":0,"24":0,"25":0},"b":{"1":[0,4],"2":[4,4],"3":[0,0],"4":[0,0],"5":[0,0],"6":[0,0]},"f":{"1":4,"2":0,"3":0,"4":0,"5":0,"6":0,"7":0},"fnMap":{"1":{"name":"_interopRequireDefault","line":33,"loc":{"start":{"line":33,"column":0},"end":{"line":33,"column":37}}},"2":{"name":"getIn","line":41,"loc":{"start":{"line":41,"column":9},"end":{"line":41,"column":38}}},"3":{"name":"deleteIn","line":46,"loc":{"start":{"line":46,"column":12},"end":{"line":46,"column":44}}},"4":{"name":"fromJS","line":49,"loc":{"start":{"line":49,"column":10},"end":{"line":49,"column":35}}},"5":{"name":"(anonymous_5)","line":50,"loc":{"start":{"line":50,"column":43},"end":{"line":50,"column":65}}},"6":{"name":"size","line":55,"loc":{"start":{"line":55,"column":8},"end":{"line":55,"column":28}}},"7":{"name":"toJS","line":59,"loc":{"start":{"line":59,"column":8},"end":{"line":59,"column":29}}}},"statementMap":{"1":{"start":{"line":3,"column":0},"end":{"line":5,"column":3}},"2":{"start":{"line":7,"column":0},"end":{"line":7,"column":40}},"3":{"start":{"line":9,"column":0},"end":{"line":9,"column":48}},"4":{"start":{"line":11,"column":0},"end":{"line":11,"column":38}},"5":{"start":{"line":13,"column":0},"end":{"line":13,"column":40}},"6":{"start":{"line":15,"column":0},"end":{"line":15,"column":53}},"7":{"start":{"line":17,"column":0},"end":{"line":17,"column":30}},"8":{"start":{"line":19,"column":0},"end":{"line":19,"column":43}},"9":{"start":{"line":21,"column":0},"end":{"line":21,"column":32}},"10":{"start":{"line":23,"column":0},"end":{"line":23,"column":45}},"11":{"start":{"line":25,"column":0},"end":{"line":25,"column":34}},"12":{"start":{"line":27,"column":0},"end":{"line":27,"column":47}},"13":{"start":{"line":29,"column":0},"end":{"line":29,"column":39}},"14":{"start":{"line":31,"column":0},"end":{"line":31,"column":45}},"15":{"start":{"line":33,"column":0},"end":{"line":33,"column":95}},"16":{"start":{"line":33,"column":39},"end":{"line":33,"column":93}},"17":{"start":{"line":35,"column":0},"end":{"line":35,"column":39}},"18":{"start":{"line":37,"column":0},"end":{"line":62,"column":2}},"19":{"start":{"line":42,"column":4},"end":{"line":42,"column":130}},"20":{"start":{"line":47,"column":4},"end":{"line":47,"column":56}},"21":{"start":{"line":50,"column":4},"end":{"line":52,"column":7}},"22":{"start":{"line":51,"column":6},"end":{"line":51,"column":83}},"23":{"start":{"line":56,"column":4},"end":{"line":56,"column":32}},"24":{"start":{"line":60,"column":4},"end":{"line":60,"column":72}},"25":{"start":{"line":64,"column":0},"end":{"line":64,"column":28}}},"branchMap":{"1":{"line":33,"type":"cond-expr","locations":[{"start":{"line":33,"column":70},"end":{"line":33,"column":73}},{"start":{"line":33,"column":76},"end":{"line":33,"column":92}}]},"2":{"line":33,"type":"binary-expr","locations":[{"start":{"line":33,"column":46},"end":{"line":33,"column":49}},{"start":{"line":33,"column":53},"end":{"line":33,"column":67}}]},"3":{"line":42,"type":"cond-expr","locations":[{"start":{"line":42,"column":51},"end":{"line":42,"column":92}},{"start":{"line":42,"column":95},"end":{"line":42,"column":129}}]},"4":{"line":51,"type":"cond-expr","locations":[{"start":{"line":51,"column":52},"end":{"line":51,"column":66}},{"start":{"line":51,"column":69},"end":{"line":51,"column":82}}]},"5":{"line":56,"type":"cond-expr","locations":[{"start":{"line":56,"column":18},"end":{"line":56,"column":27}},{"start":{"line":56,"column":30},"end":{"line":56,"column":31}}]},"6":{"line":60,"type":"cond-expr","locations":[{"start":{"line":60,"column":51},"end":{"line":60,"column":63}},{"start":{"line":60,"column":66},"end":{"line":60,"column":71}}]}},"code":["'use strict';","","Object.defineProperty(exports, \"__esModule\", {","  value: true","});","","var _toPath2 = require('lodash/toPath');","","var _toPath3 = _interopRequireDefault(_toPath2);","","var _immutable = require('immutable');","","var _deepEqual = require('./deepEqual');","","var _deepEqual2 = _interopRequireDefault(_deepEqual);","","var _keys = require('./keys');","","var _keys2 = _interopRequireDefault(_keys);","","var _setIn = require('./setIn');","","var _setIn2 = _interopRequireDefault(_setIn);","","var _splice = require('./splice');","","var _splice2 = _interopRequireDefault(_splice);","","var _getIn = require('../plain/getIn');","","var _getIn2 = _interopRequireDefault(_getIn);","","function _interopRequireDefault(obj) { return obj && obj.__esModule ? obj : { default: obj }; }","","var emptyList = (0, _immutable.List)();","","var structure = {","  allowsArrayErrors: false,","  empty: (0, _immutable.Map)(),","  emptyList: emptyList,","  getIn: function getIn(state, field) {","    return _immutable.Iterable.isIterable(state) ? state.getIn((0, _toPath3.default)(field)) : (0, _getIn2.default)(state, field);","  },","  setIn: _setIn2.default,","  deepEqual: _deepEqual2.default,","  deleteIn: function deleteIn(state, field) {","    return state.deleteIn((0, _toPath3.default)(field));","  },","  fromJS: function fromJS(jsValue) {","    return (0, _immutable.fromJS)(jsValue, function (key, value) {","      return _immutable.Iterable.isIndexed(value) ? value.toList() : value.toMap();","    });","  },","  keys: _keys2.default,","  size: function size(list) {","    return list ? list.size : 0;","  },","  splice: _splice2.default,","  toJS: function toJS(value) {","    return _immutable.Iterable.isIterable(value) ? value.toJS() : value;","  }","};","","exports.default = structure;"],"l":{"3":4,"7":4,"9":4,"11":4,"13":0,"15":0,"17":0,"19":0,"21":0,"23":0,"25":0,"27":0,"29":0,"31":0,"33":4,"35":0,"37":0,"42":0,"47":0,"50":0,"51":0,"56":0,"60":0,"64":0}},"/home/travis/build/npmtest/node-npmtest-redux-form/node_modules/redux-form/lib/isChecked.js":{"path":"/home/travis/build/npmtest/node-npmtest-redux-form/node_modules/redux-form/lib/isChecked.js","s":{"1":1,"2":1,"3":0,"4":0,"5":0,"6":0,"7":0,"8":0,"9":0,"10":0,"11":0,"12":1},"b":{"1":[0,0],"2":[0,0],"3":[0,0],"4":[0,0]},"f":{"1":0},"fnMap":{"1":{"name":"isChecked","line":6,"loc":{"start":{"line":6,"column":16},"end":{"line":6,"column":42}}}},"statementMap":{"1":{"start":{"line":3,"column":0},"end":{"line":5,"column":3}},"2":{"start":{"line":6,"column":0},"end":{"line":20,"column":2}},"3":{"start":{"line":7,"column":2},"end":{"line":9,"column":3}},"4":{"start":{"line":8,"column":4},"end":{"line":8,"column":17}},"5":{"start":{"line":10,"column":2},"end":{"line":18,"column":3}},"6":{"start":{"line":11,"column":4},"end":{"line":11,"column":36}},"7":{"start":{"line":12,"column":4},"end":{"line":14,"column":5}},"8":{"start":{"line":13,"column":6},"end":{"line":13,"column":18}},"9":{"start":{"line":15,"column":4},"end":{"line":17,"column":5}},"10":{"start":{"line":16,"column":6},"end":{"line":16,"column":19}},"11":{"start":{"line":19,"column":2},"end":{"line":19,"column":19}},"12":{"start":{"line":22,"column":0},"end":{"line":22,"column":28}}},"branchMap":{"1":{"line":7,"type":"if","locations":[{"start":{"line":7,"column":2},"end":{"line":7,"column":2}},{"start":{"line":7,"column":2},"end":{"line":7,"column":2}}]},"2":{"line":10,"type":"if","locations":[{"start":{"line":10,"column":2},"end":{"line":10,"column":2}},{"start":{"line":10,"column":2},"end":{"line":10,"column":2}}]},"3":{"line":12,"type":"if","locations":[{"start":{"line":12,"column":4},"end":{"line":12,"column":4}},{"start":{"line":12,"column":4},"end":{"line":12,"column":4}}]},"4":{"line":15,"type":"if","locations":[{"start":{"line":15,"column":4},"end":{"line":15,"column":4}},{"start":{"line":15,"column":4},"end":{"line":15,"column":4}}]}},"code":["'use strict';","","Object.defineProperty(exports, \"__esModule\", {","  value: true","});","var isChecked = function isChecked(value) {","  if (typeof value === 'boolean') {","    return value;","  }","  if (typeof value === 'string') {","    var lower = value.toLowerCase();","    if (lower === 'true') {","      return true;","    }","    if (lower === 'false') {","      return false;","    }","  }","  return undefined;","};","","exports.default = isChecked;"],"l":{"3":1,"6":1,"7":0,"8":0,"10":0,"11":0,"12":0,"13":0,"15":0,"16":0,"19":0,"22":1}}}